This is pdfTeX, Version 3.14159265-2.6-1.40.16 (TeX Live 2015/MacPorts 2015_8) (preloaded format=pdflatex 2016.3.1)  17 NOV 2016 15:16
entering extended mode
 restricted \write18 enabled.
 %&-line parsing enabled.
**main
(./main.tex
LaTeX2e <2015/01/01>
Babel <3.9l> and hyphenation patterns for 31 languages loaded.
(./IEEEtran.cls
Document Class: IEEEtran 2012/11/21 V1.8c by Harald Hanche-Olsen and Anders Chr
istensen
-- Based on V1.7a by Michael Shell
-- See the "IEEEtran_HOWTO" manual for usage information.
-- http://www.michaelshell.org/tex/ieeetran/
\@IEEEtrantmpdimenA=\dimen102
\@IEEEtrantmpdimenB=\dimen103
\@IEEEtrantmpcountA=\count79
\@IEEEtrantmpcountB=\count80
\@IEEEtrantmptoksA=\toks14
LaTeX Font Info:    Try loading font information for OT1+ptm on input line 373.

(/opt/local/share/texmf-texlive/tex/latex/psnfss/ot1ptm.fd
File: ot1ptm.fd 2001/06/04 font definitions for OT1/ptm.
)
-- Using 8.5in x 11in (letter) paper.
-- Using PDF output.
\@IEEEnormalsizeunitybaselineskip=\dimen104
-- This is a 10 point document.
\CLASSINFOnormalsizebaselineskip=\dimen105
\CLASSINFOnormalsizeunitybaselineskip=\dimen106
\IEEEnormaljot=\dimen107
LaTeX Font Info:    Font shape `OT1/ptm/bx/n' in size <5> not available
(Font)              Font shape `OT1/ptm/b/n' tried instead on input line 731.
LaTeX Font Info:    Font shape `OT1/ptm/bx/it' in size <5> not available
(Font)              Font shape `OT1/ptm/b/it' tried instead on input line 731.
LaTeX Font Info:    Font shape `OT1/ptm/bx/n' in size <7> not available
(Font)              Font shape `OT1/ptm/b/n' tried instead on input line 731.
LaTeX Font Info:    Font shape `OT1/ptm/bx/it' in size <7> not available
(Font)              Font shape `OT1/ptm/b/it' tried instead on input line 731.
LaTeX Font Info:    Font shape `OT1/ptm/bx/n' in size <8> not available
(Font)              Font shape `OT1/ptm/b/n' tried instead on input line 731.
LaTeX Font Info:    Font shape `OT1/ptm/bx/it' in size <8> not available
(Font)              Font shape `OT1/ptm/b/it' tried instead on input line 731.
LaTeX Font Info:    Font shape `OT1/ptm/bx/n' in size <9> not available
(Font)              Font shape `OT1/ptm/b/n' tried instead on input line 731.
LaTeX Font Info:    Font shape `OT1/ptm/bx/it' in size <9> not available
(Font)              Font shape `OT1/ptm/b/it' tried instead on input line 731.
LaTeX Font Info:    Font shape `OT1/ptm/bx/n' in size <10> not available
(Font)              Font shape `OT1/ptm/b/n' tried instead on input line 731.
LaTeX Font Info:    Font shape `OT1/ptm/bx/it' in size <10> not available
(Font)              Font shape `OT1/ptm/b/it' tried instead on input line 731.
LaTeX Font Info:    Font shape `OT1/ptm/bx/n' in size <11> not available
(Font)              Font shape `OT1/ptm/b/n' tried instead on input line 731.
LaTeX Font Info:    Font shape `OT1/ptm/bx/it' in size <11> not available
(Font)              Font shape `OT1/ptm/b/it' tried instead on input line 731.
LaTeX Font Info:    Font shape `OT1/ptm/bx/n' in size <12> not available
(Font)              Font shape `OT1/ptm/b/n' tried instead on input line 731.
LaTeX Font Info:    Font shape `OT1/ptm/bx/it' in size <12> not available
(Font)              Font shape `OT1/ptm/b/it' tried instead on input line 731.
LaTeX Font Info:    Font shape `OT1/ptm/bx/n' in size <17> not available
(Font)              Font shape `OT1/ptm/b/n' tried instead on input line 731.
LaTeX Font Info:    Font shape `OT1/ptm/bx/it' in size <17> not available
(Font)              Font shape `OT1/ptm/b/it' tried instead on input line 731.
LaTeX Font Info:    Font shape `OT1/ptm/bx/n' in size <20> not available
(Font)              Font shape `OT1/ptm/b/n' tried instead on input line 731.
LaTeX Font Info:    Font shape `OT1/ptm/bx/it' in size <20> not available
(Font)              Font shape `OT1/ptm/b/it' tried instead on input line 731.
LaTeX Font Info:    Font shape `OT1/ptm/bx/n' in size <24> not available
(Font)              Font shape `OT1/ptm/b/n' tried instead on input line 731.
LaTeX Font Info:    Font shape `OT1/ptm/bx/it' in size <24> not available
(Font)              Font shape `OT1/ptm/b/it' tried instead on input line 731.
\IEEEilabelindentA=\dimen108
\IEEEilabelindentB=\dimen109
\IEEEilabelindent=\dimen110
\IEEEelabelindent=\dimen111
\IEEEdlabelindent=\dimen112
\IEEElabelindent=\dimen113
\IEEEiednormlabelsep=\dimen114
\IEEEiedmathlabelsep=\dimen115
\IEEEiedtopsep=\skip41
\c@section=\count81
\c@subsection=\count82
\c@subsubsection=\count83
\c@paragraph=\count84
\c@IEEEsubequation=\count85
\abovecaptionskip=\skip42
\belowcaptionskip=\skip43
\c@figure=\count86
\c@table=\count87
\@IEEEeqnnumcols=\count88
\@IEEEeqncolcnt=\count89
\@IEEEtmpitemindent=\dimen116
\c@IEEEbiography=\count90
\@IEEEtranrubishbin=\box26
) (/opt/local/share/texmf-texlive/tex/latex/graphics/graphicx.sty
Package: graphicx 2014/10/28 v1.0g Enhanced LaTeX Graphics (DPC,SPQR)

(/opt/local/share/texmf-texlive/tex/latex/graphics/keyval.sty
Package: keyval 2014/10/28 v1.15 key=value parser (DPC)
\KV@toks@=\toks15
)
(/opt/local/share/texmf-texlive/tex/latex/graphics/graphics.sty
Package: graphics 2014/10/28 v1.0p Standard LaTeX Graphics (DPC,SPQR)

(/opt/local/share/texmf-texlive/tex/latex/graphics/trig.sty
Package: trig 1999/03/16 v1.09 sin cos tan (DPC)
)
(/opt/local/share/texmf-texlive/tex/latex/latexconfig/graphics.cfg
File: graphics.cfg 2010/04/23 v1.9 graphics configuration of TeX Live
)
Package graphics Info: Driver file: pdftex.def on input line 94.

(/opt/local/share/texmf-texlive/tex/latex/pdftex-def/pdftex.def
File: pdftex.def 2011/05/27 v0.06d Graphics/color for pdfTeX

(/opt/local/share/texmf-texlive/tex/generic/oberdiek/infwarerr.sty
Package: infwarerr 2010/04/08 v1.3 Providing info/warning/error messages (HO)
)
(/opt/local/share/texmf-texlive/tex/generic/oberdiek/ltxcmds.sty
Package: ltxcmds 2011/11/09 v1.22 LaTeX kernel commands for general use (HO)
)
\Gread@gobject=\count91
))
\Gin@req@height=\dimen117
\Gin@req@width=\dimen118
)
(/opt/local/share/texmf-texlive/tex/latex/listings/listings.sty
\lst@mode=\count92
\lst@gtempboxa=\box27
\lst@token=\toks16
\lst@length=\count93
\lst@currlwidth=\dimen119
\lst@column=\count94
\lst@pos=\count95
\lst@lostspace=\dimen120
\lst@width=\dimen121
\lst@newlines=\count96
\lst@lineno=\count97
\lst@maxwidth=\dimen122

(/opt/local/share/texmf-texlive/tex/latex/listings/lstmisc.sty
File: lstmisc.sty 2014/09/06 1.5e (Carsten Heinz)
\c@lstnumber=\count98
\lst@skipnumbers=\count99
\lst@framebox=\box28
)
(/opt/local/share/texmf-texlive/tex/latex/listings/listings.cfg
File: listings.cfg 2014/09/06 1.5e listings configuration
))
Package: listings 2014/09/06 1.5e (Carsten Heinz)

(/opt/local/share/texmf-texlive/tex/latex/graphics/color.sty
Package: color 2014/10/28 v1.1a Standard LaTeX Color (DPC)

(/opt/local/share/texmf-texlive/tex/latex/latexconfig/color.cfg
File: color.cfg 2007/01/18 v1.5 color configuration of teTeX/TeXLive
)
Package color Info: Driver file: pdftex.def on input line 142.
)
(/opt/local/share/texmf-texlive/tex/latex/xcolor/xcolor.sty
Package: xcolor 2007/01/21 v2.11 LaTeX color extensions (UK)

(/opt/local/share/texmf-texlive/tex/latex/latexconfig/color.cfg
File: color.cfg 2007/01/18 v1.5 color configuration of teTeX/TeXLive
)
Package xcolor Info: Driver file: pdftex.def on input line 225.
LaTeX Info: Redefining \color on input line 702.
Package xcolor Info: Model `cmy' substituted by `cmy0' on input line 1337.
Package xcolor Info: Model `hsb' substituted by `rgb' on input line 1341.
Package xcolor Info: Model `RGB' extended on input line 1353.
Package xcolor Info: Model `HTML' substituted by `rgb' on input line 1355.
Package xcolor Info: Model `Hsb' substituted by `hsb' on input line 1356.
Package xcolor Info: Model `tHsb' substituted by `hsb' on input line 1357.
Package xcolor Info: Model `HSB' substituted by `hsb' on input line 1358.
Package xcolor Info: Model `Gray' substituted by `gray' on input line 1359.
Package xcolor Info: Model `wave' substituted by `hsb' on input line 1360.
)
(/opt/local/share/texmf-texlive/tex/latex/caption/caption.sty
Package: caption 2013/05/02 v3.3-89 Customizing captions (AR)

(/opt/local/share/texmf-texlive/tex/latex/caption/caption3.sty
Package: caption3 2013/05/02 v1.6-88 caption3 kernel (AR)
Package caption3 Info: TeX engine: e-TeX on input line 57.
\captionmargin=\dimen123
\captionmargin@=\dimen124
\captionwidth=\dimen125
\caption@tempdima=\dimen126
\caption@indent=\dimen127
\caption@parindent=\dimen128
\caption@hangindent=\dimen129
Package caption Info: Unknown document class (or package),
(caption)             standard defaults will be used.
)

Package caption Warning: Unsupported document class (or package) detected,
(caption)                usage of the caption package is not recommended.
See the caption package documentation for explanation.

Package caption Info: \@makecaption = \long macro:#1#2->\ifx \@captype \@IEEEta
blestring \footnotesize {\centering \normalfont \footnotesize #1.\qquad \scshap
e #2\par }\@IEEEtablecaptionsepspace \else \@IEEEfigurecaptionsepspace \setbox 
\@tempboxa \hbox {\normalfont \footnotesize {#1.}~~ #2}\ifdim \wd \@tempboxa >\
hsize \setbox \@tempboxa \hbox {\normalfont \footnotesize {#1.}~~ }\parbox [t]{
\hsize }{\normalfont \footnotesize \noindent \unhbox \@tempboxa #2}\else \ifCLA
SSOPTIONconference \hbox to\hsize {\normalfont \footnotesize \box \@tempboxa \h
fil }\else \hbox to\hsize {\normalfont \footnotesize \box \@tempboxa \hfil }\fi
 \fi \fi .
\c@ContinuedFloat=\count100
Package caption Info: listings package is loaded.
) (/opt/local/share/texmf-texlive/tex/latex/caption/subcaption.sty
Package: subcaption 2013/02/03 v1.1-62 Sub-captions (AR)
\c@subfigure=\count101
\c@subtable=\count102
)
(/opt/local/share/texmf-texlive/tex/latex/amsmath/amsmath.sty
Package: amsmath 2013/01/14 v2.14 AMS math features
\@mathmargin=\skip44

For additional information on amsmath, use the `?' option.
(/opt/local/share/texmf-texlive/tex/latex/amsmath/amstext.sty
Package: amstext 2000/06/29 v2.01

(/opt/local/share/texmf-texlive/tex/latex/amsmath/amsgen.sty
File: amsgen.sty 1999/11/30 v2.0
\@emptytoks=\toks17
\ex@=\dimen130
))
(/opt/local/share/texmf-texlive/tex/latex/amsmath/amsbsy.sty
Package: amsbsy 1999/11/29 v1.2d
\pmbraise@=\dimen131
)
(/opt/local/share/texmf-texlive/tex/latex/amsmath/amsopn.sty
Package: amsopn 1999/12/14 v2.01 operator names
)
\inf@bad=\count103
LaTeX Info: Redefining \frac on input line 210.
\uproot@=\count104
\leftroot@=\count105
LaTeX Info: Redefining \overline on input line 306.
\classnum@=\count106
\DOTSCASE@=\count107
LaTeX Info: Redefining \ldots on input line 378.
LaTeX Info: Redefining \dots on input line 381.
LaTeX Info: Redefining \cdots on input line 466.
\Mathstrutbox@=\box29
\strutbox@=\box30
\big@size=\dimen132
LaTeX Font Info:    Redeclaring font encoding OML on input line 566.
LaTeX Font Info:    Redeclaring font encoding OMS on input line 567.
\macc@depth=\count108
\c@MaxMatrixCols=\count109
\dotsspace@=\muskip10
\c@parentequation=\count110
\dspbrk@lvl=\count111
\tag@help=\toks18
\row@=\count112
\column@=\count113
\maxfields@=\count114
\andhelp@=\toks19
\eqnshift@=\dimen133
\alignsep@=\dimen134
\tagshift@=\dimen135
\tagwidth@=\dimen136
\totwidth@=\dimen137
\lineht@=\dimen138
\@envbody=\toks20
\multlinegap=\skip45
\multlinetaggap=\skip46
\mathdisplay@stack=\toks21
LaTeX Info: Redefining \[ on input line 2665.
LaTeX Info: Redefining \] on input line 2666.
)
(/opt/local/share/texmf-texlive/tex/latex/url/url.sty
\Urlmuskip=\muskip11
Package: url 2013/09/16  ver 3.4  Verb mode for urls, etc.
)
(/opt/local/share/texmf-texlive/tex/latex/booktabs/booktabs.sty
Package: booktabs 2005/04/14 v1.61803 publication quality tables
\heavyrulewidth=\dimen139
\lightrulewidth=\dimen140
\cmidrulewidth=\dimen141
\belowrulesep=\dimen142
\belowbottomsep=\dimen143
\aboverulesep=\dimen144
\abovetopsep=\dimen145
\cmidrulesep=\dimen146
\cmidrulekern=\dimen147
\defaultaddspace=\dimen148
\@cmidla=\count115
\@cmidlb=\count116
\@aboverulesep=\dimen149
\@belowrulesep=\dimen150
\@thisruleclass=\count117
\@lastruleclass=\count118
\@thisrulewidth=\dimen151
)
(./todonotes.sty
Package: todonotes 2011/10/22 .dtx Todonotes source and documentation.
Package: todonotes 2011/10/22
 (/opt/local/share/texmf-texlive/tex/latex/base/ifthen.sty
Package: ifthen 2014/09/29 v1.1c Standard LaTeX ifthen package (DPC)
)
(/opt/local/share/texmf-texlive/tex/latex/xkeyval/xkeyval.sty
Package: xkeyval 2014/12/03 v2.7a package option processing (HA)

(/opt/local/share/texmf-texlive/tex/generic/xkeyval/xkeyval.tex
(/opt/local/share/texmf-texlive/tex/generic/xkeyval/xkvutils.tex
\XKV@toks=\toks22
\XKV@tempa@toks=\toks23
)
\XKV@depth=\count119
File: xkeyval.tex 2014/12/03 v2.7a key=value parser (HA)
))
(/opt/local/share/texmf/tex/latex/pgf/frontendlayer/tikz.sty
(/opt/local/share/texmf/tex/latex/pgf/basiclayer/pgf.sty
(/opt/local/share/texmf/tex/latex/pgf/utilities/pgfrcs.sty
(/opt/local/share/texmf/tex/generic/pgf/utilities/pgfutil-common.tex
\pgfutil@everybye=\toks24
\pgfutil@tempdima=\dimen152
\pgfutil@tempdimb=\dimen153

(/opt/local/share/texmf/tex/generic/pgf/utilities/pgfutil-common-lists.tex))
(/opt/local/share/texmf/tex/generic/pgf/utilities/pgfutil-latex.def
\pgfutil@abb=\box31

(/opt/local/share/texmf-texlive/tex/latex/ms/everyshi.sty
Package: everyshi 2001/05/15 v3.00 EveryShipout Package (MS)
))
(/opt/local/share/texmf/tex/generic/pgf/utilities/pgfrcs.code.tex
Package: pgfrcs 2015/08/07 v3.0.1 (rcs-revision 1.31)
))
Package: pgf 2015/08/07 v3.0.1 (rcs-revision 1.15)

(/opt/local/share/texmf/tex/latex/pgf/basiclayer/pgfcore.sty
(/opt/local/share/texmf/tex/latex/pgf/systemlayer/pgfsys.sty
(/opt/local/share/texmf/tex/generic/pgf/systemlayer/pgfsys.code.tex
Package: pgfsys 2014/07/09 v3.0.1 (rcs-revision 1.48)

(/opt/local/share/texmf/tex/generic/pgf/utilities/pgfkeys.code.tex
\pgfkeys@pathtoks=\toks25
\pgfkeys@temptoks=\toks26

(/opt/local/share/texmf/tex/generic/pgf/utilities/pgfkeysfiltered.code.tex
\pgfkeys@tmptoks=\toks27
))
\pgf@x=\dimen154
\pgf@y=\dimen155
\pgf@xa=\dimen156
\pgf@ya=\dimen157
\pgf@xb=\dimen158
\pgf@yb=\dimen159
\pgf@xc=\dimen160
\pgf@yc=\dimen161
\w@pgf@writea=\write3
\r@pgf@reada=\read1
\c@pgf@counta=\count120
\c@pgf@countb=\count121
\c@pgf@countc=\count122
\c@pgf@countd=\count123
\t@pgf@toka=\toks28
\t@pgf@tokb=\toks29
\t@pgf@tokc=\toks30

(/opt/local/share/texmf/tex/generic/pgf/systemlayer/pgf.cfg
File: pgf.cfg 2008/05/14  (rcs-revision 1.7)
)
Driver file for pgf: pgfsys-pdftex.def

(/opt/local/share/texmf/tex/generic/pgf/systemlayer/pgfsys-pdftex.def
File: pgfsys-pdftex.def 2014/10/11  (rcs-revision 1.35)

(/opt/local/share/texmf/tex/generic/pgf/systemlayer/pgfsys-common-pdf.def
File: pgfsys-common-pdf.def 2013/10/10  (rcs-revision 1.13)
)))
(/opt/local/share/texmf/tex/generic/pgf/systemlayer/pgfsyssoftpath.code.tex
File: pgfsyssoftpath.code.tex 2013/09/09  (rcs-revision 1.9)
\pgfsyssoftpath@smallbuffer@items=\count124
\pgfsyssoftpath@bigbuffer@items=\count125
)
(/opt/local/share/texmf/tex/generic/pgf/systemlayer/pgfsysprotocol.code.tex
File: pgfsysprotocol.code.tex 2006/10/16  (rcs-revision 1.4)
))
(/opt/local/share/texmf/tex/generic/pgf/basiclayer/pgfcore.code.tex
Package: pgfcore 2010/04/11 v3.0.1 (rcs-revision 1.7)

(/opt/local/share/texmf/tex/generic/pgf/math/pgfmath.code.tex
(/opt/local/share/texmf/tex/generic/pgf/math/pgfmathcalc.code.tex
(/opt/local/share/texmf/tex/generic/pgf/math/pgfmathutil.code.tex)
(/opt/local/share/texmf/tex/generic/pgf/math/pgfmathparser.code.tex
\pgfmath@dimen=\dimen162
\pgfmath@count=\count126
\pgfmath@box=\box32
\pgfmath@toks=\toks31
\pgfmath@stack@operand=\toks32
\pgfmath@stack@operation=\toks33
)
(/opt/local/share/texmf/tex/generic/pgf/math/pgfmathfunctions.code.tex
(/opt/local/share/texmf/tex/generic/pgf/math/pgfmathfunctions.basic.code.tex)
(/opt/local/share/texmf/tex/generic/pgf/math/pgfmathfunctions.trigonometric.cod
e.tex)
(/opt/local/share/texmf/tex/generic/pgf/math/pgfmathfunctions.random.code.tex)
(/opt/local/share/texmf/tex/generic/pgf/math/pgfmathfunctions.comparison.code.t
ex) (/opt/local/share/texmf/tex/generic/pgf/math/pgfmathfunctions.base.code.tex
) (/opt/local/share/texmf/tex/generic/pgf/math/pgfmathfunctions.round.code.tex)
(/opt/local/share/texmf/tex/generic/pgf/math/pgfmathfunctions.misc.code.tex)
(/opt/local/share/texmf/tex/generic/pgf/math/pgfmathfunctions.integerarithmetic
s.code.tex)))
(/opt/local/share/texmf/tex/generic/pgf/math/pgfmathfloat.code.tex
\c@pgfmathroundto@lastzeros=\count127
))
(/opt/local/share/texmf/tex/generic/pgf/basiclayer/pgfcorepoints.code.tex
File: pgfcorepoints.code.tex 2013/10/07  (rcs-revision 1.27)
\pgf@picminx=\dimen163
\pgf@picmaxx=\dimen164
\pgf@picminy=\dimen165
\pgf@picmaxy=\dimen166
\pgf@pathminx=\dimen167
\pgf@pathmaxx=\dimen168
\pgf@pathminy=\dimen169
\pgf@pathmaxy=\dimen170
\pgf@xx=\dimen171
\pgf@xy=\dimen172
\pgf@yx=\dimen173
\pgf@yy=\dimen174
\pgf@zx=\dimen175
\pgf@zy=\dimen176
)
(/opt/local/share/texmf/tex/generic/pgf/basiclayer/pgfcorepathconstruct.code.te
x
File: pgfcorepathconstruct.code.tex 2013/10/07  (rcs-revision 1.29)
\pgf@path@lastx=\dimen177
\pgf@path@lasty=\dimen178
) (/opt/local/share/texmf/tex/generic/pgf/basiclayer/pgfcorepathusage.code.tex
File: pgfcorepathusage.code.tex 2014/11/02  (rcs-revision 1.24)
\pgf@shorten@end@additional=\dimen179
\pgf@shorten@start@additional=\dimen180
) (/opt/local/share/texmf/tex/generic/pgf/basiclayer/pgfcorescopes.code.tex
File: pgfcorescopes.code.tex 2015/05/08  (rcs-revision 1.46)
\pgfpic=\box33
\pgf@hbox=\box34
\pgf@layerbox@main=\box35
\pgf@picture@serial@count=\count128
)
(/opt/local/share/texmf/tex/generic/pgf/basiclayer/pgfcoregraphicstate.code.tex
File: pgfcoregraphicstate.code.tex 2014/11/02  (rcs-revision 1.12)
\pgflinewidth=\dimen181
)
(/opt/local/share/texmf/tex/generic/pgf/basiclayer/pgfcoretransformations.code.
tex
File: pgfcoretransformations.code.tex 2015/08/07  (rcs-revision 1.20)
\pgf@pt@x=\dimen182
\pgf@pt@y=\dimen183
\pgf@pt@temp=\dimen184
) (/opt/local/share/texmf/tex/generic/pgf/basiclayer/pgfcorequick.code.tex
File: pgfcorequick.code.tex 2008/10/09  (rcs-revision 1.3)
)
(/opt/local/share/texmf/tex/generic/pgf/basiclayer/pgfcoreobjects.code.tex
File: pgfcoreobjects.code.tex 2006/10/11  (rcs-revision 1.2)
)
(/opt/local/share/texmf/tex/generic/pgf/basiclayer/pgfcorepathprocessing.code.t
ex
File: pgfcorepathprocessing.code.tex 2013/09/09  (rcs-revision 1.9)
) (/opt/local/share/texmf/tex/generic/pgf/basiclayer/pgfcorearrows.code.tex
File: pgfcorearrows.code.tex 2015/05/14  (rcs-revision 1.43)
\pgfarrowsep=\dimen185
)
(/opt/local/share/texmf/tex/generic/pgf/basiclayer/pgfcoreshade.code.tex
File: pgfcoreshade.code.tex 2013/07/15  (rcs-revision 1.15)
\pgf@max=\dimen186
\pgf@sys@shading@range@num=\count129
)
(/opt/local/share/texmf/tex/generic/pgf/basiclayer/pgfcoreimage.code.tex
File: pgfcoreimage.code.tex 2013/07/15  (rcs-revision 1.18)

(/opt/local/share/texmf/tex/generic/pgf/basiclayer/pgfcoreexternal.code.tex
File: pgfcoreexternal.code.tex 2014/07/09  (rcs-revision 1.21)
\pgfexternal@startupbox=\box36
))
(/opt/local/share/texmf/tex/generic/pgf/basiclayer/pgfcorelayers.code.tex
File: pgfcorelayers.code.tex 2013/07/18  (rcs-revision 1.7)
)
(/opt/local/share/texmf/tex/generic/pgf/basiclayer/pgfcoretransparency.code.tex
File: pgfcoretransparency.code.tex 2013/09/30  (rcs-revision 1.5)
) (/opt/local/share/texmf/tex/generic/pgf/basiclayer/pgfcorepatterns.code.tex
File: pgfcorepatterns.code.tex 2013/11/07  (rcs-revision 1.5)
))) (/opt/local/share/texmf/tex/generic/pgf/modules/pgfmoduleshapes.code.tex
File: pgfmoduleshapes.code.tex 2014/03/21  (rcs-revision 1.35)
\pgfnodeparttextbox=\box37
)
(/opt/local/share/texmf/tex/generic/pgf/modules/pgfmoduleplot.code.tex
File: pgfmoduleplot.code.tex 2015/08/03  (rcs-revision 1.13)
)
(/opt/local/share/texmf/tex/latex/pgf/compatibility/pgfcomp-version-0-65.sty
Package: pgfcomp-version-0-65 2007/07/03 v3.0.1 (rcs-revision 1.7)
\pgf@nodesepstart=\dimen187
\pgf@nodesepend=\dimen188
)
(/opt/local/share/texmf/tex/latex/pgf/compatibility/pgfcomp-version-1-18.sty
Package: pgfcomp-version-1-18 2007/07/23 v3.0.1 (rcs-revision 1.1)
))
(/opt/local/share/texmf/tex/latex/pgf/utilities/pgffor.sty
(/opt/local/share/texmf/tex/latex/pgf/utilities/pgfkeys.sty
(/opt/local/share/texmf/tex/generic/pgf/utilities/pgfkeys.code.tex))
(/opt/local/share/texmf/tex/latex/pgf/math/pgfmath.sty
(/opt/local/share/texmf/tex/generic/pgf/math/pgfmath.code.tex))
(/opt/local/share/texmf/tex/generic/pgf/utilities/pgffor.code.tex
Package: pgffor 2013/12/13 v3.0.1 (rcs-revision 1.25)

(/opt/local/share/texmf/tex/generic/pgf/math/pgfmath.code.tex)
\pgffor@iter=\dimen189
\pgffor@skip=\dimen190
\pgffor@stack=\toks34
\pgffor@toks=\toks35
))
(/opt/local/share/texmf/tex/generic/pgf/frontendlayer/tikz/tikz.code.tex
Package: tikz 2015/08/07 v3.0.1 (rcs-revision 1.151)

(/opt/local/share/texmf/tex/generic/pgf/libraries/pgflibraryplothandlers.code.t
ex
File: pgflibraryplothandlers.code.tex 2013/08/31 v3.0.1 (rcs-revision 1.20)
\pgf@plot@mark@count=\count130
\pgfplotmarksize=\dimen191
)
\tikz@lastx=\dimen192
\tikz@lasty=\dimen193
\tikz@lastxsaved=\dimen194
\tikz@lastysaved=\dimen195
\tikzleveldistance=\dimen196
\tikzsiblingdistance=\dimen197
\tikz@figbox=\box38
\tikz@figbox@bg=\box39
\tikz@tempbox=\box40
\tikz@tempbox@bg=\box41
\tikztreelevel=\count131
\tikznumberofchildren=\count132
\tikznumberofcurrentchild=\count133
\tikz@fig@count=\count134
 (/opt/local/share/texmf/tex/generic/pgf/modules/pgfmodulematrix.code.tex
File: pgfmodulematrix.code.tex 2013/09/17  (rcs-revision 1.8)
\pgfmatrixcurrentrow=\count135
\pgfmatrixcurrentcolumn=\count136
\pgf@matrix@numberofcolumns=\count137
)
\tikz@expandcount=\count138

(/opt/local/share/texmf/tex/generic/pgf/frontendlayer/tikz/libraries/tikzlibrar
ytopaths.code.tex
File: tikzlibrarytopaths.code.tex 2008/06/17 v3.0.1 (rcs-revision 1.2)
)))
(/opt/local/share/texmf/tex/generic/pgf/frontendlayer/tikz/libraries/tikzlibrar
ypositioning.code.tex
File: tikzlibrarypositioning.code.tex 2008/10/06 v3.0.1 (rcs-revision 1.7)
) (/opt/local/share/texmf-texlive/tex/latex/tools/calc.sty
Package: calc 2014/10/28 v4.3 Infix arithmetic (KKT,FJ)
\calc@Acount=\count139
\calc@Bcount=\count140
\calc@Adimen=\dimen198
\calc@Bdimen=\dimen199
\calc@Askip=\skip47
\calc@Bskip=\skip48
LaTeX Info: Redefining \setlength on input line 80.
LaTeX Info: Redefining \addtolength on input line 81.
\calc@Ccount=\count141
\calc@Cskip=\skip49
)
\c@@todonotes@numberoftodonotes=\count142
) (.tmp/main.aux)
\openout1 = `main.aux'.

LaTeX Font Info:    Checking defaults for OML/cmm/m/it on input line 45.
LaTeX Font Info:    ... okay on input line 45.
LaTeX Font Info:    Checking defaults for T1/cmr/m/n on input line 45.
LaTeX Font Info:    ... okay on input line 45.
LaTeX Font Info:    Checking defaults for OT1/cmr/m/n on input line 45.
LaTeX Font Info:    ... okay on input line 45.
LaTeX Font Info:    Checking defaults for OMS/cmsy/m/n on input line 45.
LaTeX Font Info:    ... okay on input line 45.
LaTeX Font Info:    Checking defaults for OMX/cmex/m/n on input line 45.
LaTeX Font Info:    ... okay on input line 45.
LaTeX Font Info:    Checking defaults for U/cmr/m/n on input line 45.
LaTeX Font Info:    ... okay on input line 45.

(/opt/local/share/texmf-texlive/tex/context/base/supp-pdf.mkii
[Loading MPS to PDF converter (version 2006.09.02).]
\scratchcounter=\count143
\scratchdimen=\dimen200
\scratchbox=\box42
\nofMPsegments=\count144
\nofMParguments=\count145
\everyMPshowfont=\toks36
\MPscratchCnt=\count146
\MPscratchDim=\dimen201
\MPnumerator=\count147
\makeMPintoPDFobject=\count148
\everyMPtoPDFconversion=\toks37
) (/opt/local/share/texmf-texlive/tex/generic/oberdiek/pdftexcmds.sty
Package: pdftexcmds 2011/11/29 v0.20 Utility functions of pdfTeX for LuaTeX (HO
)

(/opt/local/share/texmf-texlive/tex/generic/oberdiek/ifluatex.sty
Package: ifluatex 2010/03/01 v1.3 Provides the ifluatex switch (HO)
Package ifluatex Info: LuaTeX not detected.
)
(/opt/local/share/texmf-texlive/tex/generic/oberdiek/ifpdf.sty
Package: ifpdf 2011/01/30 v2.3 Provides the ifpdf switch (HO)
Package ifpdf Info: pdfTeX in PDF mode is detected.
)
Package pdftexcmds Info: LuaTeX not detected.
Package pdftexcmds Info: \pdf@primitive is available.
Package pdftexcmds Info: \pdf@ifprimitive is available.
Package pdftexcmds Info: \pdfdraftmode found.
)
(/opt/local/share/texmf-texlive/tex/latex/oberdiek/epstopdf-base.sty
Package: epstopdf-base 2010/02/09 v2.5 Base part for package epstopdf

(/opt/local/share/texmf-texlive/tex/latex/oberdiek/grfext.sty
Package: grfext 2010/08/19 v1.1 Manage graphics extensions (HO)

(/opt/local/share/texmf-texlive/tex/generic/oberdiek/kvdefinekeys.sty
Package: kvdefinekeys 2011/04/07 v1.3 Define keys (HO)
))
(/opt/local/share/texmf-texlive/tex/latex/oberdiek/kvoptions.sty
Package: kvoptions 2011/06/30 v3.11 Key value format for package options (HO)

(/opt/local/share/texmf-texlive/tex/generic/oberdiek/kvsetkeys.sty
Package: kvsetkeys 2012/04/25 v1.16 Key value parser (HO)

(/opt/local/share/texmf-texlive/tex/generic/oberdiek/etexcmds.sty
Package: etexcmds 2011/02/16 v1.5 Avoid name clashes with e-TeX commands (HO)
Package etexcmds Info: Could not find \expanded.
(etexcmds)             That can mean that you are not using pdfTeX 1.50 or
(etexcmds)             that some package has redefined \expanded.
(etexcmds)             In the latter case, load this package earlier.
)))
Package grfext Info: Graphics extension search list:
(grfext)             [.png,.pdf,.jpg,.mps,.jpeg,.jbig2,.jb2,.PNG,.PDF,.JPG,.JPE
G,.JBIG2,.JB2,.eps]
(grfext)             \AppendGraphicsExtensions on input line 452.

(/opt/local/share/texmf-texlive/tex/latex/latexconfig/epstopdf-sys.cfg
File: epstopdf-sys.cfg 2010/07/13 v1.3 Configuration of (r)epstopdf for TeX Liv
e
))
\c@lstlisting=\count149
Package caption Info: Begin \AtBeginDocument code.
Package caption Info: End \AtBeginDocument code.

ABD: EveryShipout initializing macros
LaTeX Font Info:    Calculating math sizes for size <11> on input line 77.
LaTeX Font Info:    External font `cmex10' loaded for size
(Font)              <11> on input line 77.
LaTeX Font Info:    External font `cmex10' loaded for size
(Font)              <7.69997> on input line 77.
LaTeX Font Info:    External font `cmex10' loaded for size
(Font)              <5.5> on input line 77.
LaTeX Font Info:    External font `cmex10' loaded for size
(Font)              <8> on input line 77.
LaTeX Font Info:    External font `cmex10' loaded for size
(Font)              <6> on input line 77.
LaTeX Font Info:    External font `cmex10' loaded for size
(Font)              <5> on input line 77.
LaTeX Font Info:    External font `cmex10' loaded for size
(Font)              <7> on input line 77.
LaTeX Font Info:    Try loading font information for OMS+ptm on input line 77.

(/opt/local/share/texmf-texlive/tex/latex/psnfss/omsptm.fd
File: omsptm.fd 
)
LaTeX Font Info:    Font shape `OMS/ptm/m/n' in size <10> not available
(Font)              Font shape `OMS/cmsy/m/n' tried instead on input line 77.

(./parts/introduction.tex
LaTeX Font Info:    Try loading font information for OT1+pcr on input line 10.

(/opt/local/share/texmf-texlive/tex/latex/psnfss/ot1pcr.fd
File: ot1pcr.fd 2001/06/04 font definitions for OT1/pcr.
) [1{/opt/local/var/db/texmf/fonts/map/pdftex/updmap/pdftex.map}


]) (./parts/background.tex
Overfull \hbox (192.43811pt too wide) in paragraph at lines 13--30
 [][] 
 []


LaTeX Warning: `h' float specifier changed to `ht'.


Underfull \hbox (badness 2903) in paragraph at lines 34--35
[]\OT1/ptm/m/n/10 Two of the re-main-ing three ad-vice types have an
 []


Underfull \hbox (badness 7558) in paragraph at lines 34--35
\OT1/ptm/m/n/10 im-pact on the tem-po-ral lo-cal-ity of cache el-e-ments.
 []


Underfull \hbox (badness 2261) in paragraph at lines 43--43
\OT1/ptm/m/n/10 the abil-ity to con-trol page pool func-tions through the
 []


Underfull \hbox (badness 4072) in paragraph at lines 61--61
[]\OT1/ptm/m/n/10 releases all the page pool
 []


Overfull \hbox (192.43811pt too wide) in paragraph at lines 48--63
 [][] 
 []


LaTeX Warning: `h' float specifier changed to `ht'.


Underfull \hbox (badness 1688) in paragraph at lines 65--68
\OT1/ptm/m/n/10 con-sider the mul-ti-ple ac-cess range hint as an ex-am-ple
 []


Underfull \hbox (badness 10000) in paragraph at lines 65--68

 []


Underfull \hbox (badness 10000) in paragraph at lines 65--68

 []


Underfull \hbox (badness 10000) in paragraph at lines 65--68

 []

(/opt/local/share/texmf-texlive/tex/latex/listings/lstlang1.sty
File: lstlang1.sty 2014/09/06 1.5e listings language file
)
(/opt/local/share/texmf-texlive/tex/latex/listings/lstmisc.sty
File: lstmisc.sty 2014/09/06 1.5e (Carsten Heinz)
) [2])
(./parts/concept.tex
<figures/softwarestack.pdf, id=19, 467.7475pt x 288.07625pt>
File: figures/softwarestack.pdf Graphic file (type pdf)

<use figures/softwarestack.pdf>
Package pdftex.def Info: figures/softwarestack.pdf used on input line 10.
(pdftex.def)             Requested size: 253.04987pt x 155.84895pt.
LaTeX Font Info:    Font shape `OT1/pcr/bx/n' in size <10> not available
(Font)              Font shape `OT1/pcr/b/n' tried instead on input line 24.
LaTeX Font Info:    Font shape `OT1/pcr/m/it' in size <10> not available
(Font)              Font shape `OT1/pcr/m/sl' tried instead on input line 24.
 [3 <./figures/softwarestack.pdf>]
<figures/architecture.pdf, id=31, 453.695pt x 335.2525pt>
File: figures/architecture.pdf Graphic file (type pdf)

<use figures/architecture.pdf>
Package pdftex.def Info: figures/architecture.pdf used on input line 28.
(pdftex.def)             Requested size: 253.04987pt x 186.98813pt.

Underfull \hbox (badness 7099) in paragraph at lines 40--40
[][][]\OT1/ptm/m/n/8 Open stan-dard for-mat that uses human-readable text to tr
ans-
 []


Underfull \hbox (badness 6445) in paragraph at lines 40--40
\OT1/ptm/m/n/8 mit data ob-jects con-sist-ing of attribute-value pairs (http://
www.rfc-
 []

(/opt/local/share/texmf-texlive/tex/latex/listings/lstlang1.sty
File: lstlang1.sty 2014/09/06 1.5e listings language file
)
Underfull \hbox (badness 3271) in paragraph at lines 39--50
[]\OT1/ptm/m/n/10 The \OT1/ptm/m/it/10 Ad-vi-sor Thread \OT1/ptm/m/n/10 uses \O
T1/pcr/m/n/10 posix_fadvise() \OT1/ptm/m/n/10 and
 []

[4 <./figures/architecture.pdf>]
Underfull \hbox (badness 4713) in paragraph at lines 110--111
\OT1/pcr/m/n/10 generic_file_aio_read\OT1/ptm/m/n/10 ), sep-a-rated by the Lus-
tre
 []


Underfull \hbox (badness 10000) in paragraph at lines 110--111
\OT1/ptm/m/n/10 Along the y-axis we have page op-er-a-tions (e.g.
 []

LaTeX Font Info:    Try loading font information for OMS+pcr on input line 112.

(/opt/local/share/texmf-texlive/tex/latex/psnfss/omspcr.fd
File: omspcr.fd 
)
LaTeX Font Info:    Font shape `OMS/pcr/m/n' in size <10> not available
(Font)              Font shape `OMS/cmsy/m/n' tried instead on input line 112.

Underfull \hbox (badness 1939) in paragraph at lines 112--113
[]\OT1/ptm/m/n/10 We can no-tice that Lus-tre ex-tends the ker-nel code
 []


Underfull \hbox (badness 1742) in paragraph at lines 112--113
\OT1/ptm/m/n/10 ker-nel to fill the file op-er-a-tions ta-ble and the ad-dress
 []


Underfull \hbox (badness 2326) in paragraph at lines 112--113
\OT1/ptm/m/n/10 no ef-fect on \OT1/pcr/m/n/10 ll_readpage()\OT1/ptm/m/n/10 . Ot
her ad-vice such as
 []

<figures/kernel.pdf, id=49, 557.08125pt x 433.62pt>
File: figures/kernel.pdf Graphic file (type pdf)
 <use figures/kernel.pdf>
Package pdftex.def Info: figures/kernel.pdf used on input line 116.
(pdftex.def)             Requested size: 253.04987pt x 196.96658pt.

[5 <./figures/kernel.pdf>]) (./parts/evaluation.tex
Underfull \hbox (badness 1448) in paragraph at lines 126--2
\OT1/ptm/m/n/10 to be pro-vided with the new read op-er-a-tion. To avoid
 []

<figures/iopat_profile.pdf, id=67, 572.62473pt x 448.29192pt>
File: figures/iopat_profile.pdf Graphic file (type pdf)

<use figures/iopat_profile.pdf>
Package pdftex.def Info: figures/iopat_profile.pdf used on input line 41.
(pdftex.def)             Requested size: 253.04987pt x 198.1041pt.

<figures/00050_zoom.pdf, id=68, 554.30261pt x 366.82492pt>
File: figures/00050_zoom.pdf Graphic file (type pdf)

<use figures/00050_zoom.pdf>
Package pdftex.def Info: figures/00050_zoom.pdf used on input line 47.
(pdftex.def)             Requested size: 253.04987pt x 167.45972pt.
 [6]
<figures/SC2015/ROOT/separate_plots/test_cluster/test_fadvise_no_border.pdf, id
=72, 711.65875pt x 357.335pt>
File: figures/SC2015/ROOT/separate_plots/test_cluster/test_fadvise_no_border.pd
f Graphic file (type pdf)

<use figures/SC2015/ROOT/separate_plots/test_cluster/test_fadvise_no_border.pdf
>
Package pdftex.def Info: figures/SC2015/ROOT/separate_plots/test_cluster/test_f
advise_no_border.pdf used on input line 72.
(pdftex.def)             Requested size: 253.04987pt x 127.05928pt.

<figures/SC2015/ROOT/separate_plots/test_cluster/ext4/runtime.pdf, id=73, 578.1
6pt x 433.62pt>
File: figures/SC2015/ROOT/separate_plots/test_cluster/ext4/runtime.pdf Graphic 
file (type pdf)

<use figures/SC2015/ROOT/separate_plots/test_cluster/ext4/runtime.pdf>
Package pdftex.def Info: figures/SC2015/ROOT/separate_plots/test_cluster/ext4/r
untime.pdf used on input line 88.
(pdftex.def)             Requested size: 167.71574pt x 125.78627pt.

<figures/SC2015/ROOT/separate_plots/test_cluster/gpfs/runtime.pdf, id=74, 578.1
6pt x 433.62pt>
File: figures/SC2015/ROOT/separate_plots/test_cluster/gpfs/runtime.pdf Graphic 
file (type pdf)

<use figures/SC2015/ROOT/separate_plots/test_cluster/gpfs/runtime.pdf>
Package pdftex.def Info: figures/SC2015/ROOT/separate_plots/test_cluster/gpfs/r
untime.pdf used on input line 94.
(pdftex.def)             Requested size: 167.71574pt x 125.78627pt.

<figures/SC2015/ROOT/separate_plots/test_cluster/Lustre/runtime.pdf, id=75, 578
.16pt x 433.62pt>
File: figures/SC2015/ROOT/separate_plots/test_cluster/Lustre/runtime.pdf Graphi
c file (type pdf)

<use figures/SC2015/ROOT/separate_plots/test_cluster/Lustre/runtime.pdf>
Package pdftex.def Info: figures/SC2015/ROOT/separate_plots/test_cluster/Lustre
/runtime.pdf used on input line 100.
(pdftex.def)             Requested size: 167.71574pt x 125.78627pt.

<figures/SC2015/ROOT/cluster/multiple_instances/simult_instance_ext4_test_clust
er.pdf, id=76, 650.43pt x 433.62pt>
File: figures/SC2015/ROOT/cluster/multiple_instances/simult_instance_ext4_test_
cluster.pdf Graphic file (type pdf)

<use figures/SC2015/ROOT/cluster/multiple_instances/simult_instance_ext4_test_c
luster.pdf>
Package pdftex.def Info: figures/SC2015/ROOT/cluster/multiple_instances/simult_
instance_ext4_test_cluster.pdf used on input line 106.
(pdftex.def)             Requested size: 167.71574pt x 111.8056pt.

<figures/SC2015/ROOT/cluster/multiple_instances/simult_instance_gpfs_test_clust
er.pdf, id=77, 650.43pt x 433.62pt>
File: figures/SC2015/ROOT/cluster/multiple_instances/simult_instance_gpfs_test_
cluster.pdf Graphic file (type pdf)

<use figures/SC2015/ROOT/cluster/multiple_instances/simult_instance_gpfs_test_c
luster.pdf>
Package pdftex.def Info: figures/SC2015/ROOT/cluster/multiple_instances/simult_
instance_gpfs_test_cluster.pdf used on input line 112.
(pdftex.def)             Requested size: 167.71574pt x 111.8056pt.

<figures/SC2015/ROOT/cluster/multiple_instances/multiple_simult_procs_Lustre_te
stcluster.pdf, id=78, 650.43pt x 433.62pt>
File: figures/SC2015/ROOT/cluster/multiple_instances/multiple_simult_procs_Lust
re_testcluster.pdf Graphic file (type pdf)

<use figures/SC2015/ROOT/cluster/multiple_instances/multiple_simult_procs_Lustr
e_testcluster.pdf>
Package pdftex.def Info: figures/SC2015/ROOT/cluster/multiple_instances/multipl
e_simult_procs_Lustre_testcluster.pdf used on input line 118.
(pdftex.def)             Requested size: 167.71574pt x 111.8056pt.

<figures/SC2015/ROOT/separate_plots/test_cluster/ext4/reads.pdf, id=79, 578.16p
t x 433.62pt>
File: figures/SC2015/ROOT/separate_plots/test_cluster/ext4/reads.pdf Graphic fi
le (type pdf)

<use figures/SC2015/ROOT/separate_plots/test_cluster/ext4/reads.pdf>
Package pdftex.def Info: figures/SC2015/ROOT/separate_plots/test_cluster/ext4/r
eads.pdf used on input line 129.
(pdftex.def)             Requested size: 167.71574pt x 125.78627pt.

<figures/SC2015/ROOT/separate_plots/test_cluster/gpfs/server_reads.pdf, id=80, 
578.16pt x 433.62pt>
File: figures/SC2015/ROOT/separate_plots/test_cluster/gpfs/server_reads.pdf Gra
phic file (type pdf)

<use figures/SC2015/ROOT/separate_plots/test_cluster/gpfs/server_reads.pdf>
Package pdftex.def Info: figures/SC2015/ROOT/separate_plots/test_cluster/gpfs/s
erver_reads.pdf used on input line 135.
(pdftex.def)             Requested size: 167.71574pt x 125.78627pt.

<figures/SC2015/ROOT/separate_plots/test_cluster/Lustre/server_reads.pdf, id=81
, 578.16pt x 433.62pt>
File: figures/SC2015/ROOT/separate_plots/test_cluster/Lustre/server_reads.pdf G
raphic file (type pdf)

<use figures/SC2015/ROOT/separate_plots/test_cluster/Lustre/server_reads.pdf>
Package pdftex.def Info: figures/SC2015/ROOT/separate_plots/test_cluster/Lustre
/server_reads.pdf used on input line 141.
(pdftex.def)             Requested size: 167.71574pt x 125.78627pt.

<figures/SC2015/ROOT/cluster/multiple_instances/reads_simult_instance_ext4_test
_cluster.pdf, id=82, 650.43pt x 433.62pt>
File: figures/SC2015/ROOT/cluster/multiple_instances/reads_simult_instance_ext4
_test_cluster.pdf Graphic file (type pdf)

<use figures/SC2015/ROOT/cluster/multiple_instances/reads_simult_instance_ext4_
test_cluster.pdf>
Package pdftex.def Info: figures/SC2015/ROOT/cluster/multiple_instances/reads_s
imult_instance_ext4_test_cluster.pdf used on input line 147.
(pdftex.def)             Requested size: 167.71574pt x 111.8056pt.

<figures/SC2015/ROOT/cluster/multiple_instances/reads_simult_instance_gpfs_test
_cluster.pdf, id=83, 650.43pt x 433.62pt>
File: figures/SC2015/ROOT/cluster/multiple_instances/reads_simult_instance_gpfs
_test_cluster.pdf Graphic file (type pdf)

<use figures/SC2015/ROOT/cluster/multiple_instances/reads_simult_instance_gpfs_
test_cluster.pdf>
Package pdftex.def Info: figures/SC2015/ROOT/cluster/multiple_instances/reads_s
imult_instance_gpfs_test_cluster.pdf used on input line 153.
(pdftex.def)             Requested size: 167.71574pt x 111.8056pt.

<figures/SC2015/ROOT/cluster/multiple_instances/reads_multiple_simult_procs_Lus
tre_testcluster.pdf, id=84, 650.43pt x 433.62pt>
File: figures/SC2015/ROOT/cluster/multiple_instances/reads_multiple_simult_proc
s_Lustre_testcluster.pdf Graphic file (type pdf)

<use figures/SC2015/ROOT/cluster/multiple_instances/reads_multiple_simult_procs
_Lustre_testcluster.pdf>
Package pdftex.def Info: figures/SC2015/ROOT/cluster/multiple_instances/reads_m
ultiple_simult_procs_Lustre_testcluster.pdf used on input line 159.
(pdftex.def)             Requested size: 167.71574pt x 111.8056pt.
 [7 <./figures/iopat_profile.pdf> <./figures/00050_zoom.pdf> <./figures/SC2015/
ROOT/separate_plots/test_cluster/test_fadvise_no_border.pdf>]) (./parts/related
_work.tex [8]

LaTeX Warning: Text page 9 contains only floats.


Overfull \vbox (5.68358pt too high) has occurred while \output is active []



LaTeX Warning: Text page 9 contains only floats.


Overfull \vbox (5.68358pt too high) has occurred while \output is active []


[9 <./figures/SC2015/ROOT/separate_plots/test_cluster/ext4/runtime.pdf> <./figu
res/SC2015/ROOT/separate_plots/test_cluster/gpfs/runtime.pdf

pdfTeX warning: pdflatex (file ./figures/SC2015/ROOT/separate_plots/test_cluste
r/gpfs/runtime.pdf): PDF inclusion: multiple pdfs with page group included in a
 single page
> <./figures/SC2015/ROOT/separate_plots/test_cluster/Lustre/runtime.pdf

pdfTeX warning: pdflatex (file ./figures/SC2015/ROOT/separate_plots/test_cluste
r/Lustre/runtime.pdf): PDF inclusion: multiple pdfs with page group included in
 a single page
> <./figures/SC2015/ROOT/cluster/multiple_instances/simult_instance_ext4_test_c
luster.pdf

pdfTeX warning: pdflatex (file ./figures/SC2015/ROOT/cluster/multiple_instances
/simult_instance_ext4_test_cluster.pdf): PDF inclusion: multiple pdfs with page
 group included in a single page
> <./figures/SC2015/ROOT/cluster/multiple_instances/simult_instance_gpfs_test_c
luster.pdf

pdfTeX warning: pdflatex (file ./figures/SC2015/ROOT/cluster/multiple_instances
/simult_instance_gpfs_test_cluster.pdf): PDF inclusion: multiple pdfs with page
 group included in a single page
> <./figures/SC2015/ROOT/cluster/multiple_instances/multiple_simult_procs_Lustr
e_testcluster.pdf

pdfTeX warning: pdflatex (file ./figures/SC2015/ROOT/cluster/multiple_instances
/multiple_simult_procs_Lustre_testcluster.pdf): PDF inclusion: multiple pdfs wi
th page group included in a single page
> <./figures/SC2015/ROOT/separate_plots/test_cluster/ext4/reads.pdf

pdfTeX warning: pdflatex (file ./figures/SC2015/ROOT/separate_plots/test_cluste
r/ext4/reads.pdf): PDF inclusion: multiple pdfs with page group included in a s
ingle page
> <./figures/SC2015/ROOT/separate_plots/test_cluster/gpfs/server_reads.pdf

pdfTeX warning: pdflatex (file ./figures/SC2015/ROOT/separate_plots/test_cluste
r/gpfs/server_reads.pdf): PDF inclusion: multiple pdfs with page group included
 in a single page
> <./figures/SC2015/ROOT/separate_plots/test_cluster/Lustre/server_reads.pdf

pdfTeX warning: pdflatex (file ./figures/SC2015/ROOT/separate_plots/test_cluste
r/Lustre/server_reads.pdf): PDF inclusion: multiple pdfs with page group includ
ed in a single page
> <./figures/SC2015/ROOT/cluster/multiple_instances/reads_simult_instance_ext4_
test_cluster.pdf

pdfTeX warning: pdflatex (file ./figures/SC2015/ROOT/cluster/multiple_instances
/reads_simult_instance_ext4_test_cluster.pdf): PDF inclusion: multiple pdfs wit
h page group included in a single page
> <./figures/SC2015/ROOT/cluster/multiple_instances/reads_simult_instance_gpfs_
test_cluster.pdf

pdfTeX warning: pdflatex (file ./figures/SC2015/ROOT/cluster/multiple_instances
/reads_simult_instance_gpfs_test_cluster.pdf): PDF inclusion: multiple pdfs wit
h page group included in a single page
> <./figures/SC2015/ROOT/cluster/multiple_instances/reads_multiple_simult_procs
_Lustre_testcluster.pdf

pdfTeX warning: pdflatex (file ./figures/SC2015/ROOT/cluster/multiple_instances
/reads_multiple_simult_procs_Lustre_testcluster.pdf): PDF inclusion: multiple p
dfs with page group included in a single page
>]) (./parts/conclusion.tex) (.tmp/main.bbl
Underfull \hbox (badness 10000) in paragraph at lines 25--27
[]\OT1/ptm/m/n/8 GPFS mon-i-tor-ing tool. $https : / / publib . boulder . ibm .
 com / infocenter /
 []


Underfull \hbox (badness 10000) in paragraph at lines 25--27
\OT1/ptm/m/n/8 clresctr / vxrx / index . jsp ? topic = %2Fcom . ibm . cluster .
 gpfs . v3r5 . gpfs200 .
 []


Underfull \hbox (badness 10000) in paragraph at lines 29--31
[]\OT1/ptm/m/n/8 gpfs[]fcntl sub-rou-tine. $https : / / publib . boulder . ibm 
. com / infocenter /
 []


Underfull \hbox (badness 10000) in paragraph at lines 29--31
\OT1/ptm/m/n/8 clresctr / vxrx / index . jsp ? topic = %2Fcom . ibm . cluster .
 gpfs . v3r5 . gpfs100 .
 []


Underfull \hbox (badness 10000) in paragraph at lines 36--39
[]\OT1/ptm/m/n/8 Lustre file sys-tem ac-cel-er-a-tion us-ing server or storage-

 []


Underfull \hbox (badness 10000) in paragraph at lines 36--39
\OT1/ptm/m/n/8 side caching: ba-sic ap-proaches and ap-pli-ca-tion use cases.
 []


Underfull \hbox (badness 10000) in paragraph at lines 36--39
\OT1/ptm/m/n/8 http : / / opensfs . org / wp-[]content / uploads / 2014 / 04 / 
D2[]S27[]
 []


Underfull \hbox (badness 10000) in paragraph at lines 41--42
[]\OT1/ptm/m/n/8 MERCURY guided I/O frame-work. $https : / / github . com / gco
ngiu /
 []

** WARNING: IEEEtranS.bst: No hyphenation pattern has been
** loaded for the language `English'. Using the pattern for
** the default language instead.
** WARNING: IEEEtranS.bst: No hyphenation pattern has been
** loaded for the language `English'. Using the pattern for
** the default language instead.
Missing character: There is no Ã in font ptmr7t!
Missing character: There is no ¼ in font ptmr7t!
)

** Conference Paper **
Before submitting the final camera ready copy, remember to:

 1. Manually equalize the lengths of two columns on the last page
 of your paper;

 2. Ensure that any PostScript and/or PDF output post-processing
 uses only Type 1 fonts and that every step in the generation
 process uses the appropriate paper size.

[10] (.tmp/main.aux) ) 
Here is how much of TeX's memory you used:
 16142 strings out of 494409
 312156 string characters out of 6164689
 409623 words of memory out of 5000000
 19074 multiletter control sequences out of 15000+600000
 44388 words of font info for 86 fonts, out of 8000000 for 9000
 351 hyphenation exceptions out of 8191
 62i,13n,76p,2321b,1148s stack positions out of 5000i,500n,10000p,200000b,80000s
{/opt/local/share/texmf-texlive/fonts/enc/dvips/base/8r.e
nc}</opt/local/share/texmf-texlive/fonts/type1/public/amsfonts/cm/cmmi10.pfb></
opt/local/share/texmf-texlive/fonts/type1/public/amsfonts/cm/cmr10.pfb></opt/lo
cal/share/texmf-texlive/fonts/type1/public/amsfonts/cm/cmsy10.pfb></opt/local/s
hare/texmf-texlive/fonts/type1/public/amsfonts/cm/cmsy8.pfb></opt/local/share/t
exmf-texlive/fonts/type1/urw/courier/ucrb8a.pfb></opt/local/share/texmf-texlive
/fonts/type1/urw/courier/ucrr8a.pfb></opt/local/share/texmf-texlive/fonts/type1
/urw/courier/ucrro8a.pfb></opt/local/share/texmf-texlive/fonts/type1/urw/times/
utmb8a.pfb></opt/local/share/texmf-texlive/fonts/type1/urw/times/utmbi8a.pfb></
opt/local/share/texmf-texlive/fonts/type1/urw/times/utmr8a.pfb></opt/local/shar
e/texmf-texlive/fonts/type1/urw/times/utmri8a.pfb>
Output written on .tmp/main.pdf (10 pages, 953859 bytes).
PDF statistics:
 801 PDF objects out of 1000 (max. 8388607)
 161 compressed objects within 2 object streams
 0 named destinations out of 1000 (max. 500000)
 103 words of extra memory for PDF output out of 10000 (max. 10000000)

