\BOOKMARK [0][-]{chapter.1}{Introduction}{}% 1
\BOOKMARK [1][-]{section.1.1}{Guided I/O Interfaces}{chapter.1}% 2
\BOOKMARK [2][-]{subsection.1.1.1}{Guided I/O in MPI-IO}{section.1.1}% 3
\BOOKMARK [2][-]{subsection.1.1.2}{Guided I/O in Linux File Systems}{section.1.1}% 4
\BOOKMARK [1][-]{section.1.2}{Opportunities with Non-Volatile Memories}{chapter.1}% 5
\BOOKMARK [1][-]{section.1.3}{Contribution}{chapter.1}% 6
\BOOKMARK [1][-]{section.1.4}{Thesis Reminder}{chapter.1}% 7
\BOOKMARK [0][-]{chapter.2}{Background on Guided I/O Intefaces in HPC}{}% 8
\BOOKMARK [0][-]{chapter.3}{The Mercury Middleware}{}% 9
\BOOKMARK [1][-]{section.3.1}{Motivation}{chapter.3}% 10
\BOOKMARK [1][-]{section.3.2}{Background on File System I/O Hints}{chapter.3}% 11
\BOOKMARK [2][-]{subsection.3.2.1}{The POSIX Advice API}{section.3.2}% 12
\BOOKMARK [2][-]{subsection.3.2.2}{The GPFS Hints API}{section.3.2}% 13
\BOOKMARK [1][-]{section.3.3}{Concept \046 Design}{chapter.3}% 14
\BOOKMARK [2][-]{subsection.3.3.1}{Interprocess Communication}{section.3.3}% 15
\BOOKMARK [2][-]{subsection.3.3.2}{File Data Prefetching}{section.3.3}% 16
\BOOKMARK [2][-]{subsection.3.3.3}{POSIX Advice integration with Lustre}{section.3.3}% 17
\BOOKMARK [1][-]{section.3.4}{Evaluation}{chapter.3}% 18
\BOOKMARK [2][-]{subsection.3.4.1}{Test Cluster}{section.3.4}% 19
\BOOKMARK [2][-]{subsection.3.4.2}{Real World Application}{section.3.4}% 20
\BOOKMARK [2][-]{subsection.3.4.3}{Execution Time}{section.3.4}% 21
\BOOKMARK [2][-]{subsection.3.4.4}{Read Request Rate}{section.3.4}% 22
\BOOKMARK [1][-]{section.3.5}{Related Work}{chapter.3}% 23
\BOOKMARK [1][-]{section.3.6}{Conclusion \046 Future Work}{chapter.3}% 24
\BOOKMARK [0][-]{chapter.4}{NVM Caching in MPI-IO}{}% 25
\BOOKMARK [1][-]{section.4.1}{Motivation}{chapter.4}% 26
\BOOKMARK [1][-]{section.4.2}{Collective I/O in ROMIO}{chapter.4}% 27
\BOOKMARK [2][-]{subsection.4.2.1}{Two Phase I/O}{section.4.2}% 28
\BOOKMARK [2][-]{subsection.4.2.2}{Collective I/O Hints}{section.4.2}% 29
\BOOKMARK [1][-]{section.4.3}{Concept \046 Design}{chapter.4}% 30
\BOOKMARK [2][-]{subsection.4.3.1}{MPI-IO Hints Extensions}{section.4.3}% 31
\BOOKMARK [2][-]{subsection.4.3.2}{Cache Hints Integration in ROMIO}{section.4.3}% 32
\BOOKMARK [2][-]{subsection.4.3.3}{Cache Consistency Semantics}{section.4.3}% 33
\BOOKMARK [2][-]{subsection.4.3.4}{Changes to the Application's Workflow}{section.4.3}% 34
\BOOKMARK [2][-]{subsection.4.3.5}{I/O Bandwidth}{section.4.3}% 35
\BOOKMARK [1][-]{section.4.4}{Evaluation}{chapter.4}% 36
\BOOKMARK [2][-]{subsection.4.4.1}{Testbed}{section.4.4}% 37
\BOOKMARK [2][-]{subsection.4.4.2}{Coll\137perf}{section.4.4}% 38
\BOOKMARK [2][-]{subsection.4.4.3}{Flash-IO}{section.4.4}% 39
\BOOKMARK [2][-]{subsection.4.4.4}{IOR}{section.4.4}% 40
\BOOKMARK [1][-]{section.4.5}{Related Work}{chapter.4}% 41
\BOOKMARK [0][-]{section.4.5}{Bibliography}{}% 42
