This is pdfTeX, Version 3.14159265-2.6-1.40.16 (TeX Live 2015/MacPorts 2015_8) (preloaded format=pdflatex 2016.3.1)  17 NOV 2016 14:26
entering extended mode
 restricted \write18 enabled.
 %&-line parsing enabled.
**main
(./main.tex
LaTeX2e <2015/01/01>
Babel <3.9l> and hyphenation patterns for 31 languages loaded.
(/opt/local/share/texmf-texlive/tex/latex/base/book.cls
Document Class: book 2014/09/29 v1.4h Standard LaTeX document class
(/opt/local/share/texmf-texlive/tex/latex/base/bk10.clo
File: bk10.clo 2014/09/29 v1.4h Standard LaTeX file (size option)
)
\c@part=\count79
\c@chapter=\count80
\c@section=\count81
\c@subsection=\count82
\c@subsubsection=\count83
\c@paragraph=\count84
\c@subparagraph=\count85
\c@figure=\count86
\c@table=\count87
\abovecaptionskip=\skip41
\belowcaptionskip=\skip42
\bibindent=\dimen102
)
(/opt/local/share/texmf-texlive/tex/latex/base/inputenc.sty
Package: inputenc 2015/03/17 v1.2c Input encoding file
\inpenc@prehook=\toks14
\inpenc@posthook=\toks15

(/opt/local/share/texmf-texlive/tex/latex/base/ansinew.def
File: ansinew.def 2015/03/17 v1.2c Input encoding file
))
(/opt/local/share/texmf-texlive/tex/latex/base/fontenc.sty
Package: fontenc 2005/09/27 v1.99g Standard LaTeX package

(/opt/local/share/texmf-texlive/tex/latex/base/t1enc.def
File: t1enc.def 2005/09/27 v1.99g Standard LaTeX file
LaTeX Font Info:    Redeclaring font encoding T1 on input line 48.
))
(/opt/local/share/texmf-texlive/tex/generic/babel/babel.sty
Package: babel 2014/09/25 3.9l The Babel package

(/opt/local/share/texmf-texlive/tex/generic/babel-english/english.ldf
Language: english 2012/08/20 v3.3p English support from the babel system

(/opt/local/share/texmf-texlive/tex/generic/babel/babel.def
File: babel.def 2014/09/25 3.9l Babel common definitions
\babel@savecnt=\count88
\U@D=\dimen103
)
\l@british = a dialect from \language\l@english 
\l@UKenglish = a dialect from \language\l@english 
\l@canadian = a dialect from \language\l@american 
\l@australian = a dialect from \language\l@british 
\l@newzealand = a dialect from \language\l@british 
))
(/opt/local/share/texmf-texlive/tex/latex/tools/indentfirst.sty
Package: indentfirst 1995/11/23 v1.03 Indent first paragraph (DPC)
)
(/opt/local/share/texmf-texlive/tex/latex/base/makeidx.sty
Package: makeidx 2014/09/29 v1.0m Standard LaTeX package
)
(/opt/local/share/texmf-texlive/tex/latex/graphics/graphicx.sty
Package: graphicx 2014/10/28 v1.0g Enhanced LaTeX Graphics (DPC,SPQR)

(/opt/local/share/texmf-texlive/tex/latex/graphics/keyval.sty
Package: keyval 2014/10/28 v1.15 key=value parser (DPC)
\KV@toks@=\toks16
)
(/opt/local/share/texmf-texlive/tex/latex/graphics/graphics.sty
Package: graphics 2014/10/28 v1.0p Standard LaTeX Graphics (DPC,SPQR)

(/opt/local/share/texmf-texlive/tex/latex/graphics/trig.sty
Package: trig 1999/03/16 v1.09 sin cos tan (DPC)
)
(/opt/local/share/texmf-texlive/tex/latex/latexconfig/graphics.cfg
File: graphics.cfg 2010/04/23 v1.9 graphics configuration of TeX Live
)
Package graphics Info: Driver file: pdftex.def on input line 94.

(/opt/local/share/texmf-texlive/tex/latex/pdftex-def/pdftex.def
File: pdftex.def 2011/05/27 v0.06d Graphics/color for pdfTeX

(/opt/local/share/texmf-texlive/tex/generic/oberdiek/infwarerr.sty
Package: infwarerr 2010/04/08 v1.3 Providing info/warning/error messages (HO)
)
(/opt/local/share/texmf-texlive/tex/generic/oberdiek/ltxcmds.sty
Package: ltxcmds 2011/11/09 v1.22 LaTeX kernel commands for general use (HO)
)
\Gread@gobject=\count89
))
\Gin@req@height=\dimen104
\Gin@req@width=\dimen105
)
(/opt/local/share/texmf-texlive/tex/latex/graphics/color.sty
Package: color 2014/10/28 v1.1a Standard LaTeX Color (DPC)

(/opt/local/share/texmf-texlive/tex/latex/latexconfig/color.cfg
File: color.cfg 2007/01/18 v1.5 color configuration of teTeX/TeXLive
)
Package color Info: Driver file: pdftex.def on input line 142.
)
(/opt/local/share/texmf-texlive/tex/latex/float/float.sty
Package: float 2001/11/08 v1.3d Float enhancements (AL)
\c@float@type=\count90
\float@exts=\toks17
\float@box=\box26
\@float@everytoks=\toks18
\@floatcapt=\box27
)
(/opt/local/share/texmf-texlive/tex/latex/amsmath/amsmath.sty
Package: amsmath 2013/01/14 v2.14 AMS math features
\@mathmargin=\skip43

For additional information on amsmath, use the `?' option.
(/opt/local/share/texmf-texlive/tex/latex/amsmath/amstext.sty
Package: amstext 2000/06/29 v2.01

(/opt/local/share/texmf-texlive/tex/latex/amsmath/amsgen.sty
File: amsgen.sty 1999/11/30 v2.0
\@emptytoks=\toks19
\ex@=\dimen106
))
(/opt/local/share/texmf-texlive/tex/latex/amsmath/amsbsy.sty
Package: amsbsy 1999/11/29 v1.2d
\pmbraise@=\dimen107
)
(/opt/local/share/texmf-texlive/tex/latex/amsmath/amsopn.sty
Package: amsopn 1999/12/14 v2.01 operator names
)
\inf@bad=\count91
LaTeX Info: Redefining \frac on input line 210.
\uproot@=\count92
\leftroot@=\count93
LaTeX Info: Redefining \overline on input line 306.
\classnum@=\count94
\DOTSCASE@=\count95
LaTeX Info: Redefining \ldots on input line 378.
LaTeX Info: Redefining \dots on input line 381.
LaTeX Info: Redefining \cdots on input line 466.
\Mathstrutbox@=\box28
\strutbox@=\box29
\big@size=\dimen108
LaTeX Font Info:    Redeclaring font encoding OML on input line 566.
LaTeX Font Info:    Redeclaring font encoding OMS on input line 567.
\macc@depth=\count96
\c@MaxMatrixCols=\count97
\dotsspace@=\muskip10
\c@parentequation=\count98
\dspbrk@lvl=\count99
\tag@help=\toks20
\row@=\count100
\column@=\count101
\maxfields@=\count102
\andhelp@=\toks21
\eqnshift@=\dimen109
\alignsep@=\dimen110
\tagshift@=\dimen111
\tagwidth@=\dimen112
\totwidth@=\dimen113
\lineht@=\dimen114
\@envbody=\toks22
\multlinegap=\skip44
\multlinetaggap=\skip45
\mathdisplay@stack=\toks23
LaTeX Info: Redefining \[ on input line 2665.
LaTeX Info: Redefining \] on input line 2666.
)
(/opt/local/share/texmf-texlive/tex/latex/amsfonts/amssymb.sty
Package: amssymb 2013/01/14 v3.01 AMS font symbols

(/opt/local/share/texmf-texlive/tex/latex/amsfonts/amsfonts.sty
Package: amsfonts 2013/01/14 v3.01 Basic AMSFonts support
\symAMSa=\mathgroup4
\symAMSb=\mathgroup5
LaTeX Font Info:    Overwriting math alphabet `\mathfrak' in version `bold'
(Font)                  U/euf/m/n --> U/euf/b/n on input line 106.
))
(/opt/local/share/texmf-texlive/tex/latex/tools/multicol.sty
Package: multicol 2015/03/31 v1.8m multicolumn formatting (FMi)
\c@tracingmulticols=\count103
\mult@box=\box30
\multicol@leftmargin=\dimen115
\c@unbalance=\count104
\c@collectmore=\count105
\doublecol@number=\count106
\multicoltolerance=\count107
\multicolpretolerance=\count108
\full@width=\dimen116
\page@free=\dimen117
\premulticols=\dimen118
\postmulticols=\dimen119
\multicolsep=\skip46
\multicolbaselineskip=\skip47
\partial@page=\box31
\last@line=\box32
\maxbalancingoverflow=\dimen120
\mult@rightbox=\box33
\mult@grightbox=\box34
\mult@gfirstbox=\box35
\mult@firstbox=\box36
\@tempa=\box37
\@tempa=\box38
\@tempa=\box39
\@tempa=\box40
\@tempa=\box41
\@tempa=\box42
\@tempa=\box43
\@tempa=\box44
\@tempa=\box45
\@tempa=\box46
\@tempa=\box47
\@tempa=\box48
\@tempa=\box49
\@tempa=\box50
\@tempa=\box51
\@tempa=\box52
\@tempa=\box53
\c@columnbadness=\count109
\c@finalcolumnbadness=\count110
\last@try=\dimen121
\multicolovershoot=\dimen122
\multicolundershoot=\dimen123
\mult@nat@firstbox=\box54
\colbreak@box=\box55
\mc@col@check@num=\count111
)
(/opt/local/share/texmf-texlive/tex/latex/multirow/multirow.sty
\bigstrutjot=\dimen124
) (./calc.sty
Style Option: `calc' 3.7 <1993/09/26 19:56:43> (KKT and FJ)
\global@count=\count112
\local@count=\count113
\global@dimen=\dimen125
\local@dimen=\dimen126
\global@skip=\skip48
\local@skip=\skip49
\global@muskip=\muskip11
\local@muskip=\muskip12
\ratio@count=\count114
) (/opt/local/share/texmf-texlive/tex/latex/caption/caption.sty
Package: caption 2013/05/02 v3.3-89 Customizing captions (AR)

(/opt/local/share/texmf-texlive/tex/latex/caption/caption3.sty
Package: caption3 2013/05/02 v1.6-88 caption3 kernel (AR)
Package caption3 Info: TeX engine: e-TeX on input line 57.
\captionmargin=\dimen127
\captionmargin@=\dimen128
\captionwidth=\dimen129
\caption@tempdima=\dimen130
\caption@indent=\dimen131
\caption@parindent=\dimen132
\caption@hangindent=\dimen133
)
\c@ContinuedFloat=\count115
Package caption Info: float package is loaded.
)
(/opt/local/share/texmf-texlive/tex/latex/caption/subcaption.sty
Package: subcaption 2013/02/03 v1.1-62 Sub-captions (AR)
\c@subfigure=\count116
\c@subtable=\count117
)
(/opt/local/share/texmf-texlive/tex/latex/geometry/geometry.sty
Package: geometry 2010/09/12 v5.6 Page Geometry

(/opt/local/share/texmf-texlive/tex/generic/oberdiek/ifpdf.sty
Package: ifpdf 2011/01/30 v2.3 Provides the ifpdf switch (HO)
Package ifpdf Info: pdfTeX in PDF mode is detected.
)
(/opt/local/share/texmf-texlive/tex/generic/oberdiek/ifvtex.sty
Package: ifvtex 2010/03/01 v1.5 Detect VTeX and its facilities (HO)
Package ifvtex Info: VTeX not detected.
)
(/opt/local/share/texmf-texlive/tex/generic/ifxetex/ifxetex.sty
Package: ifxetex 2010/09/12 v0.6 Provides ifxetex conditional
)
\Gm@cnth=\count118
\Gm@cntv=\count119
\c@Gm@tempcnt=\count120
\Gm@bindingoffset=\dimen134
\Gm@wd@mp=\dimen135
\Gm@odd@mp=\dimen136
\Gm@even@mp=\dimen137
\Gm@layoutwidth=\dimen138
\Gm@layoutheight=\dimen139
\Gm@layouthoffset=\dimen140
\Gm@layoutvoffset=\dimen141
\Gm@dimlist=\toks24
)
(/opt/local/share/texmf-texlive/tex/latex/hyperref/hyperref.sty
Package: hyperref 2012/11/06 v6.83m Hypertext links for LaTeX

(/opt/local/share/texmf-texlive/tex/generic/oberdiek/hobsub-hyperref.sty
Package: hobsub-hyperref 2012/05/28 v1.13 Bundle oberdiek, subset hyperref (HO)


(/opt/local/share/texmf-texlive/tex/generic/oberdiek/hobsub-generic.sty
Package: hobsub-generic 2012/05/28 v1.13 Bundle oberdiek, subset generic (HO)
Package: hobsub 2012/05/28 v1.13 Construct package bundles (HO)
Package hobsub Info: Skipping package `infwarerr' (already loaded).
Package hobsub Info: Skipping package `ltxcmds' (already loaded).
Package: ifluatex 2010/03/01 v1.3 Provides the ifluatex switch (HO)
Package ifluatex Info: LuaTeX not detected.
Package hobsub Info: Skipping package `ifvtex' (already loaded).
Package: intcalc 2007/09/27 v1.1 Expandable calculations with integers (HO)
Package hobsub Info: Skipping package `ifpdf' (already loaded).
Package: etexcmds 2011/02/16 v1.5 Avoid name clashes with e-TeX commands (HO)
Package etexcmds Info: Could not find \expanded.
(etexcmds)             That can mean that you are not using pdfTeX 1.50 or
(etexcmds)             that some package has redefined \expanded.
(etexcmds)             In the latter case, load this package earlier.
Package: kvsetkeys 2012/04/25 v1.16 Key value parser (HO)
Package: kvdefinekeys 2011/04/07 v1.3 Define keys (HO)
Package: pdftexcmds 2011/11/29 v0.20 Utility functions of pdfTeX for LuaTeX (HO
)
Package pdftexcmds Info: LuaTeX not detected.
Package pdftexcmds Info: \pdf@primitive is available.
Package pdftexcmds Info: \pdf@ifprimitive is available.
Package pdftexcmds Info: \pdfdraftmode found.
Package: pdfescape 2011/11/25 v1.13 Implements pdfTeX's escape features (HO)
Package: bigintcalc 2012/04/08 v1.3 Expandable calculations on big integers (HO
)
Package: bitset 2011/01/30 v1.1 Handle bit-vector datatype (HO)
Package: uniquecounter 2011/01/30 v1.2 Provide unlimited unique counter (HO)
)
Package hobsub Info: Skipping package `hobsub' (already loaded).
Package: letltxmacro 2010/09/02 v1.4 Let assignment for LaTeX macros (HO)
Package: hopatch 2012/05/28 v1.2 Wrapper for package hooks (HO)
Package: xcolor-patch 2011/01/30 xcolor patch
Package: atveryend 2011/06/30 v1.8 Hooks at the very end of document (HO)
Package atveryend Info: \enddocument detected (standard20110627).
Package: atbegshi 2011/10/05 v1.16 At begin shipout hook (HO)
Package: refcount 2011/10/16 v3.4 Data extraction from label references (HO)
Package: hycolor 2011/01/30 v1.7 Color options for hyperref/bookmark (HO)
)
(/opt/local/share/texmf-texlive/tex/latex/oberdiek/auxhook.sty
Package: auxhook 2011/03/04 v1.3 Hooks for auxiliary files (HO)
)
(/opt/local/share/texmf-texlive/tex/latex/oberdiek/kvoptions.sty
Package: kvoptions 2011/06/30 v3.11 Key value format for package options (HO)
)
\@linkdim=\dimen142
\Hy@linkcounter=\count121
\Hy@pagecounter=\count122

(/opt/local/share/texmf-texlive/tex/latex/hyperref/pd1enc.def
File: pd1enc.def 2012/11/06 v6.83m Hyperref: PDFDocEncoding definition (HO)
)
\Hy@SavedSpaceFactor=\count123

(/opt/local/share/texmf-texlive/tex/latex/latexconfig/hyperref.cfg
File: hyperref.cfg 2002/06/06 v1.2 hyperref configuration of TeXLive
)
Package hyperref Info: Option `bookmarks' set `true' on input line 4319.
Package hyperref Info: Option `colorlinks' set `true' on input line 4319.
Package hyperref Info: Hyper figures OFF on input line 4443.
Package hyperref Info: Link nesting OFF on input line 4448.
Package hyperref Info: Hyper index ON on input line 4451.
Package hyperref Info: Plain pages OFF on input line 4458.
Package hyperref Info: Backreferencing OFF on input line 4463.
Package hyperref Info: Implicit mode ON; LaTeX internals redefined.
Package hyperref Info: Bookmarks ON on input line 4688.
\c@Hy@tempcnt=\count124

(/opt/local/share/texmf-texlive/tex/latex/url/url.sty
\Urlmuskip=\muskip13
Package: url 2013/09/16  ver 3.4  Verb mode for urls, etc.
)
LaTeX Info: Redefining \url on input line 5041.
\XeTeXLinkMargin=\dimen143
\Fld@menulength=\count125
\Field@Width=\dimen144
\Fld@charsize=\dimen145
Package hyperref Info: Hyper figures OFF on input line 6295.
Package hyperref Info: Link nesting OFF on input line 6300.
Package hyperref Info: Hyper index ON on input line 6303.
Package hyperref Info: backreferencing OFF on input line 6310.
Package hyperref Info: Link coloring ON on input line 6313.
Package hyperref Info: Link coloring with OCG OFF on input line 6320.
Package hyperref Info: PDF/A mode OFF on input line 6325.
LaTeX Info: Redefining \ref on input line 6365.
LaTeX Info: Redefining \pageref on input line 6369.
\Hy@abspage=\count126
\c@Item=\count127
\c@Hfootnote=\count128
)

Package hyperref Message: Driver (autodetected): hpdftex.

(/opt/local/share/texmf-texlive/tex/latex/hyperref/hpdftex.def
File: hpdftex.def 2012/11/06 v6.83m Hyperref driver for pdfTeX
\Fld@listcount=\count129
\c@bookmark@seq@number=\count130

(/opt/local/share/texmf-texlive/tex/latex/oberdiek/rerunfilecheck.sty
Package: rerunfilecheck 2011/04/15 v1.7 Rerun checks for auxiliary files (HO)
Package uniquecounter Info: New unique counter `rerunfilecheck' on input line 2
82.
)
\Hy@SectionHShift=\skip50
)
(/opt/local/share/texmf-texlive/tex/latex/oberdiek/hypcap.sty
Package: hypcap 2011/02/16 v1.11 Adjusting the anchors of captions (HO)
)
(/opt/local/share/texmf-texlive/tex/latex/fancyvrb/fancyvrb.sty
Package: fancyvrb 2008/02/07

Style option: `fancyvrb' v2.7a, with DG/SPQR fixes, and firstline=lastline fix 
<2008/02/07> (tvz)
\FV@CodeLineNo=\count131
\FV@InFile=\read1
\FV@TabBox=\box56
\c@FancyVerbLine=\count132
\FV@StepNumber=\count133
\FV@OutFile=\write3
)
(/opt/local/share/texmf-texlive/tex/latex/fancybox/fancybox.sty
Package: fancybox 2010/05/15 1.4

Style option: `fancybox' v1.4 <2010/05/15> (tvz)
\@fancybox=\box57
\shadowsize=\dimen146
\@Sbox=\box58
\do@VerbBox=\toks25
\the@fancyput=\toks26
\this@fancyput=\toks27
\EndVerbatimTokens=\toks28
\Verbatim@Outfile=\write4
\Verbatim@Infile=\read2
) (/opt/local/share/texmf-texlive/tex/latex/paralist/paralist.sty
Package: paralist 2013/06/09 v2.4 Extended list environments
\pltopsep=\skip51
\plpartopsep=\skip52
\plitemsep=\skip53
\plparsep=\skip54
\pl@lab=\toks29
)
(/opt/local/share/texmf-texlive/tex/latex/listings/listings.sty
\lst@mode=\count134
\lst@gtempboxa=\box59
\lst@token=\toks30
\lst@length=\count135
\lst@currlwidth=\dimen147
\lst@column=\count136
\lst@pos=\count137
\lst@lostspace=\dimen148
\lst@width=\dimen149
\lst@newlines=\count138
\lst@lineno=\count139
\lst@maxwidth=\dimen150

(/opt/local/share/texmf-texlive/tex/latex/listings/lstmisc.sty
File: lstmisc.sty 2014/09/06 1.5e (Carsten Heinz)
\c@lstnumber=\count140
\lst@skipnumbers=\count141
\lst@framebox=\box60
)
(/opt/local/share/texmf-texlive/tex/latex/listings/listings.cfg
File: listings.cfg 2014/09/06 1.5e listings configuration
))
Package: listings 2014/09/06 1.5e (Carsten Heinz)

(/opt/local/share/texmf-texlive/tex/latex/acronym/acronym.sty
Package: acronym 2015/03/21 v1.41 Support for acronyms (Tobias Oetiker)

(/opt/local/share/texmf-texlive/tex/latex/bigfoot/suffix.sty
Package: suffix 2006/07/15 1.5a Variant command support
)
(/opt/local/share/texmf-texlive/tex/generic/xstring/xstring.sty
(/opt/local/share/texmf-texlive/tex/generic/xstring/xstring.tex
\@xs@message=\write5
\integerpart=\count142
\decimalpart=\count143
)
Package: xstring 2013/10/13  v1.7c  String manipulations (C Tellechea)
)
\AC@clearlist=\toks31
)
(/opt/local/share/texmf-texlive/tex/latex/tools/array.sty
Package: array 2014/10/28 v2.4c Tabular extension package (FMi)
\col@sep=\dimen151
\extrarowheight=\dimen152
\NC@list=\toks32
\extratabsurround=\skip55
\backup@length=\skip56
)
(/opt/local/share/texmf-texlive/tex/latex/booktabs/booktabs.sty
Package: booktabs 2005/04/14 v1.61803 publication quality tables
\heavyrulewidth=\dimen153
\lightrulewidth=\dimen154
\cmidrulewidth=\dimen155
\belowrulesep=\dimen156
\belowbottomsep=\dimen157
\aboverulesep=\dimen158
\abovetopsep=\dimen159
\cmidrulesep=\dimen160
\cmidrulekern=\dimen161
\defaultaddspace=\dimen162
\@cmidla=\count144
\@cmidlb=\count145
\@aboverulesep=\dimen163
\@belowrulesep=\dimen164
\@thisruleclass=\count146
\@lastruleclass=\count147
\@thisrulewidth=\dimen165
)
(/opt/local/share/texmf-texlive/tex/latex/microtype/microtype.sty
Package: microtype 2013/05/23 v2.5a Micro-typographical refinements (RS)
\MT@toks=\toks33
\MT@count=\count148
LaTeX Info: Redefining \textls on input line 766.
\MT@outer@kern=\dimen166
LaTeX Info: Redefining \textmicrotypecontext on input line 1285.
\MT@listname@count=\count149

(/opt/local/share/texmf-texlive/tex/latex/microtype/microtype-pdftex.def
File: microtype-pdftex.def 2013/05/23 v2.5a Definitions specific to pdftex (RS)

LaTeX Info: Redefining \lsstyle on input line 915.
LaTeX Info: Redefining \lslig on input line 915.
\MT@outer@space=\skip57
)
Package microtype Info: Loading configuration file microtype.cfg.

(/opt/local/share/texmf-texlive/tex/latex/microtype/microtype.cfg
File: microtype.cfg 2013/05/23 v2.5a microtype main configuration file (RS)
))
(/opt/local/share/texmf-texlive/tex/latex/hyphenat/hyphenat.sty
Package: hyphenat 2009/09/02 v2.3c hyphenation utilities


Package hyphenat Warning: *******************************
(hyphenat)                * You have used the htt option.
(hyphenat)                * You are likely to get many Font Warning messages.
(hyphenat)                * These can usually be ignored.
(hyphenat)                *******************************.

\langwohyphens=\language32
LaTeX Info: Redefining \_ on input line 43.
)
\@glossaryfile=\write6
\openout6 = `main.glo'.


Writing glossary file main.glo 
\@indexfile=\write7
\openout7 = `main.idx'.

Writing index file main.idx
(.tmp/main.aux

LaTeX Warning: Label `sec: motivation' multiply defined.


LaTeX Warning: Label `table: hints_table' multiply defined.

)
\openout1 = `main.aux'.

LaTeX Font Info:    Checking defaults for OML/cmm/m/it on input line 82.
LaTeX Font Info:    ... okay on input line 82.
LaTeX Font Info:    Checking defaults for T1/cmr/m/n on input line 82.
LaTeX Font Info:    ... okay on input line 82.
LaTeX Font Info:    Checking defaults for OT1/cmr/m/n on input line 82.
LaTeX Font Info:    ... okay on input line 82.
LaTeX Font Info:    Checking defaults for OMS/cmsy/m/n on input line 82.
LaTeX Font Info:    ... okay on input line 82.
LaTeX Font Info:    Checking defaults for OMX/cmex/m/n on input line 82.
LaTeX Font Info:    ... okay on input line 82.
LaTeX Font Info:    Checking defaults for U/cmr/m/n on input line 82.
LaTeX Font Info:    ... okay on input line 82.
LaTeX Font Info:    Checking defaults for PD1/pdf/m/n on input line 82.
LaTeX Font Info:    ... okay on input line 82.
 (/opt/local/share/texmf-texlive/tex/context/base/supp-pdf.mkii
[Loading MPS to PDF converter (version 2006.09.02).]
\scratchcounter=\count150
\scratchdimen=\dimen167
\scratchbox=\box61
\nofMPsegments=\count151
\nofMParguments=\count152
\everyMPshowfont=\toks34
\MPscratchCnt=\count153
\MPscratchDim=\dimen168
\MPnumerator=\count154
\makeMPintoPDFobject=\count155
\everyMPtoPDFconversion=\toks35
) (/opt/local/share/texmf-texlive/tex/latex/oberdiek/epstopdf-base.sty
Package: epstopdf-base 2010/02/09 v2.5 Base part for package epstopdf

(/opt/local/share/texmf-texlive/tex/latex/oberdiek/grfext.sty
Package: grfext 2010/08/19 v1.1 Manage graphics extensions (HO)
)
Package grfext Info: Graphics extension search list:
(grfext)             [.png,.pdf,.jpg,.mps,.jpeg,.jbig2,.jb2,.PNG,.PDF,.JPG,.JPE
G,.JBIG2,.JB2,.eps]
(grfext)             \AppendGraphicsExtensions on input line 452.

(/opt/local/share/texmf-texlive/tex/latex/latexconfig/epstopdf-sys.cfg
File: epstopdf-sys.cfg 2010/07/13 v1.3 Configuration of (r)epstopdf for TeX Liv
e
))
Package caption Info: Begin \AtBeginDocument code.
Package caption Info: hyperref package is loaded.
Package caption Info: hypcap package is loaded.
Package caption Info: listings package is loaded.
Package caption Info: End \AtBeginDocument code.

*geometry* driver: auto-detecting
*geometry* detected driver: pdftex
*geometry* verbose mode - [ preamble ] result:
* driver: pdftex
* paper: a4paper
* layout: <same size as paper>
* layoutoffset:(h,v)=(0.0pt,0.0pt)
* modes: 
* h-part:(L,W,R)=(128.0374pt, 341.43307pt, 128.0374pt)
* v-part:(T,H,B)=(128.0374pt, 588.97205pt, 128.0374pt)
* \paperwidth=597.50787pt
* \paperheight=845.04684pt
* \textwidth=341.43307pt
* \textheight=588.97205pt
* \oddsidemargin=55.76741pt
* \evensidemargin=55.76741pt
* \topmargin=25.69992pt
* \headheight=12.0pt
* \headsep=18.06749pt
* \topskip=10.0pt
* \footskip=25.29494pt
* \marginparwidth=61.0pt
* \marginparsep=7.0pt
* \columnsep=10.0pt
* \skip\footins=9.0pt plus 4.0pt minus 2.0pt
* \hoffset=0.0pt
* \voffset=0.0pt
* \mag=1000
* \@twocolumnfalse
* \@twosidefalse
* \@mparswitchfalse
* \@reversemarginfalse
* (1in=72.27pt=25.4mm, 1cm=28.453pt)

\AtBeginShipoutBox=\box62
Package hyperref Info: Link coloring ON on input line 82.
(/opt/local/share/texmf-texlive/tex/latex/hyperref/nameref.sty
Package: nameref 2012/10/27 v2.43 Cross-referencing by name of section

(/opt/local/share/texmf-texlive/tex/generic/oberdiek/gettitlestring.sty
Package: gettitlestring 2010/12/03 v1.4 Cleanup title references (HO)
)
\c@section@level=\count156
)
LaTeX Info: Redefining \ref on input line 82.
LaTeX Info: Redefining \pageref on input line 82.
LaTeX Info: Redefining \nameref on input line 82.

(.tmp/main.out) (.tmp/main.out)
\@outlinefile=\write8
\openout8 = `main.out'.

\c@lstlisting=\count157
LaTeX Info: Redefining \microtypecontext on input line 82.
Package microtype Info: Generating PDF output.
Package microtype Info: Character protrusion enabled (level 2).
Package microtype Info: Using default protrusion set `alltext'.
Package microtype Info: Automatic font expansion enabled (level 2),
(microtype)             stretch: 20, shrink: 20, step: 1, non-selected.
Package microtype Info: Using default expansion set `basictext'.
Package microtype Info: No adjustment of tracking.
Package microtype Info: No adjustment of interword spacing.
Package microtype Info: No adjustment of character kerning.

(/opt/local/share/texmf-texlive/tex/latex/microtype/mt-cmr.cfg
File: mt-cmr.cfg 2013/05/19 v2.2 microtype config. file: Computer Modern Roman 
(RS)
)
LaTeX Font Info:    Try loading font information for T1+cmtt on input line 82.

(/opt/local/share/texmf-texlive/tex/latex/base/t1cmtt.fd
File: t1cmtt.fd 2014/09/29 v2.5h Standard LaTeX font definitions
)
Package microtype Info: Loading generic settings for font family
(microtype)             `cmtt' (encoding: T1).
(microtype)             For optimal results, create family-specific settings.
(microtype)             See the microtype manual for details.


LaTeX Font Warning: Font shape `T1/cmtt/b/n' undefined
(Font)              using `T1/cmtt/m/n' instead on input line 82.


LaTeX Font Warning: Font shape `T1/cmtt/b/it' undefined
(Font)              using `T1/cmtt/b/n' instead on input line 82.


LaTeX Font Warning: Font shape `T1/cmtt/b/sl' undefined
(Font)              using `T1/cmtt/b/n' instead on input line 82.


LaTeX Font Warning: Font shape `T1/cmtt/b/sc' undefined
(Font)              using `T1/cmtt/b/n' instead on input line 82.

LaTeX Font Info:    Font shape `T1/cmtt/bx/n' in size <10> not available
(Font)              Font shape `T1/cmtt/m/n' tried instead on input line 82.
LaTeX Font Info:    Font shape `T1/cmtt/bx/it' in size <10> not available
(Font)              Font shape `T1/cmtt/m/it' tried instead on input line 82.

LaTeX Font Warning: Font shape `T1/cmtt/bx/sl' undefined
(Font)              using `T1/cmtt/bx/n' instead on input line 82.


LaTeX Font Warning: Font shape `T1/cmtt/bx/sc' undefined
(Font)              using `T1/cmtt/bx/n' instead on input line 82.


LaTeX Font Warning: Font shape `T1/cmtt/sb/n' undefined
(Font)              using `T1/cmtt/m/n' instead on input line 82.


LaTeX Font Warning: Font shape `T1/cmtt/sb/it' undefined
(Font)              using `T1/cmtt/sb/n' instead on input line 82.


LaTeX Font Warning: Font shape `T1/cmtt/sb/sl' undefined
(Font)              using `T1/cmtt/sb/n' instead on input line 82.


LaTeX Font Warning: Font shape `T1/cmtt/sb/sc' undefined
(Font)              using `T1/cmtt/sb/n' instead on input line 82.


LaTeX Font Warning: Font shape `T1/cmtt/c/n' undefined
(Font)              using `T1/cmtt/m/n' instead on input line 82.


LaTeX Font Warning: Font shape `T1/cmtt/c/it' undefined
(Font)              using `T1/cmtt/c/n' instead on input line 82.


LaTeX Font Warning: Font shape `T1/cmtt/c/sl' undefined
(Font)              using `T1/cmtt/c/n' instead on input line 82.


LaTeX Font Warning: Font shape `T1/cmtt/c/sc' undefined
(Font)              using `T1/cmtt/c/n' instead on input line 82.


LaTeX Font Warning: Font shape `T1/cmtt/l/n' undefined
(Font)              using `T1/cmtt/m/n' instead on input line 82.


LaTeX Font Warning: Font shape `T1/cmtt/l/it' undefined
(Font)              using `T1/cmtt/l/n' instead on input line 82.


LaTeX Font Warning: Font shape `T1/cmtt/l/sl' undefined
(Font)              using `T1/cmtt/l/n' instead on input line 82.


LaTeX Font Warning: Font shape `T1/cmtt/l/sc' undefined
(Font)              using `T1/cmtt/l/n' instead on input line 82.


LaTeX Font Warning: Font shape `T1/cmtt/m/ui' undefined
(Font)              using `T1/cmtt/m/n' instead on input line 82.


LaTeX Font Warning: Font shape `T1/cmtt/bx/ui' undefined
(Font)              using `T1/cmtt/bx/n' instead on input line 82.


LaTeX Font Warning: Font shape `T1/cmtt/m/In' undefined
(Font)              using `T1/cmtt/m/n' instead on input line 82.

<figures/uni-mainz.png, id=171, 713.66624pt x 378.41376pt>
File: figures/uni-mainz.png Graphic file (type png)

<use figures/uni-mainz.png>
Package pdftex.def Info: figures/uni-mainz.png used on input line 93.
(pdftex.def)             Requested size: 142.26378pt x 75.43312pt.
 [1


{/opt/local/var/db/texmf/fonts/map/pdftex/updmap/pdftex.map} <./figures/uni-mai
nz.png>]pdfTeX warning (ext4): destination with the same identifier (name{page.
1}) has been already used, duplicate ignored
<to be read again> 
                   \relax 
l.133 \newpage
               [1] (.tmp/main.toc
LaTeX Font Info:    Try loading font information for U+msa on input line 3.

(/opt/local/share/texmf-texlive/tex/latex/amsfonts/umsa.fd
File: umsa.fd 2013/01/14 v3.01 AMS symbols A
)
(/opt/local/share/texmf-texlive/tex/latex/microtype/mt-msa.cfg
File: mt-msa.cfg 2006/02/04 v1.1 microtype config. file: AMS symbols (a) (RS)
)
LaTeX Font Info:    Try loading font information for U+msb on input line 3.

(/opt/local/share/texmf-texlive/tex/latex/amsfonts/umsb.fd
File: umsb.fd 2013/01/14 v3.01 AMS symbols B
)
(/opt/local/share/texmf-texlive/tex/latex/microtype/mt-msb.cfg
File: mt-msb.cfg 2005/06/01 v1.0 microtype config. file: AMS symbols (b) (RS)
) [1

])
\tf@toc=\write9
\openout9 = `main.toc'.

 [2]
(./chapters/introduction.tex
Chapter 1.
<chapters/figures/hpc-io-stack.png, id=242, 532.40633pt x 361.60997pt>
File: chapters/figures/hpc-io-stack.png Graphic file (type png)

<use chapters/figures/hpc-io-stack.png>
Package pdftex.def Info: chapters/figures/hpc-io-stack.png used on input line 7
.
(pdftex.def)             Requested size: 204.86192pt x 139.14577pt.
 [8


 <./chapters/figures/hpc-io-stack.png>] [9] [10]) (./chapters/chapter1/main.tex
 [11]
Chapter 2.
(./chapters/chapter1/mpi-io.tex) (./chapters/chapter1/posix-advice.tex)
(./chapters/chapter1/gpfs-hints.tex)) (./chapters/chapter2/main.tex [12

]
Chapter 3.
(./chapters/chapter2/motivation.tex [13

]) (./chapters/chapter2/background.tex
[14] [15]
Overfull \hbox (1.92322pt too wide) in paragraph at lines 53--53
 []|\T1/cmtt/m/n/9 gpfsMultipleAccessRange_- 
 []


LaTeX Warning: Reference `mar' on page 16 undefined on input line 60.

(/opt/local/share/texmf-texlive/tex/latex/listings/lstlang1.sty
File: lstlang1.sty 2014/09/06 1.5e listings language file
)
(/opt/local/share/texmf-texlive/tex/latex/listings/lstmisc.sty
File: lstmisc.sty 2014/09/06 1.5e (Carsten Heinz)
)
Package hyperref Info: bookmark level for unknown lstlisting defaults to 0 on i
nput line 62.
 [16])
(./chapters/chapter2/concept.tex
<chapters/chapter2/figures/linux-software-stack.png, id=366, 409.43004pt x 272.
98668pt>
File: chapters/chapter2/figures/linux-software-stack.png Graphic file (type png
)
 <use chapters/chapter2/figures/linux-software-stack.png>
Package pdftex.def Info: chapters/chapter2/figures/linux-software-stack.png use
d on input line 10.
(pdftex.def)             Requested size: 273.14749pt x 182.12952pt.
 [17] [18 <./chapters/chapter2/figures/linux-software-stack.png>]
<chapters/chapter2/figures/mercury-architecture.png, id=393, 503.99078pt x 300.
47527pt>
File: chapters/chapter2/figures/mercury-architecture.png Graphic file (type png
)
 <use chapters/chapter2/figures/mercury-architecture.png>
Package pdftex.def Info: chapters/chapter2/figures/mercury-architecture.png use
d on input line 27.
(pdftex.def)             Requested size: 273.14749pt x 162.85483pt.
 [19 <./chapters/chapter2/figures/mercury-architecture.png>]

LaTeX Warning: Reference `mar' on page 20 undefined on input line 38.

(/opt/local/share/texmf-texlive/tex/latex/listings/lstlang1.sty
File: lstlang1.sty 2014/09/06 1.5e listings language file
)

LaTeX Warning: Reference `config' on page 20 undefined on input line 62.


LaTeX Warning: Reference `config' on page 20 undefined on input line 62.

[20] [21]
<chapters/chapter2/figures/kernel.pdf, id=440, 557.08125pt x 433.62pt>
File: chapters/chapter2/figures/kernel.pdf Graphic file (type pdf)

<use chapters/chapter2/figures/kernel.pdf>
Package pdftex.def Info: chapters/chapter2/figures/kernel.pdf used on input lin
e 80.
(pdftex.def)             Requested size: 273.14749pt x 212.61461pt.
 [22 <./chapters/chapter2/figures/kernel.pdf>]) (./chapters/chapter2/evaluation
.tex [23]
<chapters/chapter2/figures/iopat_profile.pdf, id=467, 572.62473pt x 448.29192pt
>
File: chapters/chapter2/figures/iopat_profile.pdf Graphic file (type pdf)
 <use chapters/chapter2/figures/iopat_profile.pdf>
Package pdftex.def Info: chapters/chapter2/figures/iopat_profile.pdf used on in
put line 24.
(pdftex.def)             Requested size: 218.51881pt x 171.07094pt.

<chapters/chapter2/figures/00050_zoom.pdf, id=468, 554.30261pt x 366.82492pt>
File: chapters/chapter2/figures/00050_zoom.pdf Graphic file (type pdf)

<use chapters/chapter2/figures/00050_zoom.pdf>
Package pdftex.def Info: chapters/chapter2/figures/00050_zoom.pdf used on input
 line 30.
(pdftex.def)             Requested size: 218.51881pt x 144.61157pt.
 [24]
<chapters/chapter2/figures/SC2015/ROOT/separate_plots/test_cluster/test_fadvise
_no_border.pdf, id=487, 711.65875pt x 357.335pt>
File: chapters/chapter2/figures/SC2015/ROOT/separate_plots/test_cluster/test_fa
dvise_no_border.pdf Graphic file (type pdf)

<use chapters/chapter2/figures/SC2015/ROOT/separate_plots/test_cluster/test_fad
vise_no_border.pdf>
Package pdftex.def Info: chapters/chapter2/figures/SC2015/ROOT/separate_plots/t
est_cluster/test_fadvise_no_border.pdf used on input line 46.
(pdftex.def)             Requested size: 273.14749pt x 137.14638pt.
 [25 <./chapters/chapter2/figures/iopat_profile.pdf> <./chapters/chapter2/figur
es/00050_zoom.pdf>]
<chapters/chapter2/figures/SC2015/ROOT/separate_plots/test_cluster/ext4/runtime
.pdf, id=512, 578.16pt x 433.62pt>
File: chapters/chapter2/figures/SC2015/ROOT/separate_plots/test_cluster/ext4/ru
ntime.pdf Graphic file (type pdf)

<use chapters/chapter2/figures/SC2015/ROOT/separate_plots/test_cluster/ext4/run
time.pdf>
Package pdftex.def Info: chapters/chapter2/figures/SC2015/ROOT/separate_plots/t
est_cluster/ext4/runtime.pdf used on input line 60.
(pdftex.def)             Requested size: 109.26108pt x 81.94534pt.

<chapters/chapter2/figures/SC2015/ROOT/separate_plots/test_cluster/gpfs/runtime
.pdf, id=513, 578.16pt x 433.62pt>
File: chapters/chapter2/figures/SC2015/ROOT/separate_plots/test_cluster/gpfs/ru
ntime.pdf Graphic file (type pdf)

<use chapters/chapter2/figures/SC2015/ROOT/separate_plots/test_cluster/gpfs/run
time.pdf>
Package pdftex.def Info: chapters/chapter2/figures/SC2015/ROOT/separate_plots/t
est_cluster/gpfs/runtime.pdf used on input line 66.
(pdftex.def)             Requested size: 109.26108pt x 81.94534pt.

<chapters/chapter2/figures/SC2015/ROOT/separate_plots/test_cluster/Lustre/runti
me.pdf, id=514, 578.16pt x 433.62pt>
File: chapters/chapter2/figures/SC2015/ROOT/separate_plots/test_cluster/Lustre/
runtime.pdf Graphic file (type pdf)

<use chapters/chapter2/figures/SC2015/ROOT/separate_plots/test_cluster/Lustre/r
untime.pdf>
Package pdftex.def Info: chapters/chapter2/figures/SC2015/ROOT/separate_plots/t
est_cluster/Lustre/runtime.pdf used on input line 72.
(pdftex.def)             Requested size: 109.26108pt x 81.94534pt.

<chapters/chapter2/figures/SC2015/ROOT/cluster/multiple_instances/simult_instan
ce_ext4_test_cluster.pdf, id=515, 650.43pt x 433.62pt>
File: chapters/chapter2/figures/SC2015/ROOT/cluster/multiple_instances/simult_i
nstance_ext4_test_cluster.pdf Graphic file (type pdf)

<use chapters/chapter2/figures/SC2015/ROOT/cluster/multiple_instances/simult_in
stance_ext4_test_cluster.pdf>
Package pdftex.def Info: chapters/chapter2/figures/SC2015/ROOT/cluster/multiple
_instances/simult_instance_ext4_test_cluster.pdf used on input line 78.
(pdftex.def)             Requested size: 109.26108pt x 72.84103pt.

<chapters/chapter2/figures/SC2015/ROOT/cluster/multiple_instances/simult_instan
ce_gpfs_test_cluster.pdf, id=516, 650.43pt x 433.62pt>
File: chapters/chapter2/figures/SC2015/ROOT/cluster/multiple_instances/simult_i
nstance_gpfs_test_cluster.pdf Graphic file (type pdf)

<use chapters/chapter2/figures/SC2015/ROOT/cluster/multiple_instances/simult_in
stance_gpfs_test_cluster.pdf>
Package pdftex.def Info: chapters/chapter2/figures/SC2015/ROOT/cluster/multiple
_instances/simult_instance_gpfs_test_cluster.pdf used on input line 84.
(pdftex.def)             Requested size: 109.26108pt x 72.84103pt.

<chapters/chapter2/figures/SC2015/ROOT/cluster/multiple_instances/multiple_simu
lt_procs_Lustre_testcluster.pdf, id=517, 650.43pt x 433.62pt>
File: chapters/chapter2/figures/SC2015/ROOT/cluster/multiple_instances/multiple
_simult_procs_Lustre_testcluster.pdf Graphic file (type pdf)

<use chapters/chapter2/figures/SC2015/ROOT/cluster/multiple_instances/multiple_
simult_procs_Lustre_testcluster.pdf>
Package pdftex.def Info: chapters/chapter2/figures/SC2015/ROOT/cluster/multiple
_instances/multiple_simult_procs_Lustre_testcluster.pdf used on input line 90.
(pdftex.def)             Requested size: 109.26108pt x 72.84103pt.

<chapters/chapter2/figures/SC2015/ROOT/separate_plots/test_cluster/ext4/reads.p
df, id=530, 578.16pt x 433.62pt>
File: chapters/chapter2/figures/SC2015/ROOT/separate_plots/test_cluster/ext4/re
ads.pdf Graphic file (type pdf)

<use chapters/chapter2/figures/SC2015/ROOT/separate_plots/test_cluster/ext4/rea
ds.pdf>
Package pdftex.def Info: chapters/chapter2/figures/SC2015/ROOT/separate_plots/t
est_cluster/ext4/reads.pdf used on input line 101.
(pdftex.def)             Requested size: 109.26108pt x 81.94534pt.

<chapters/chapter2/figures/SC2015/ROOT/separate_plots/test_cluster/gpfs/server_
reads.pdf, id=531, 578.16pt x 433.62pt>
File: chapters/chapter2/figures/SC2015/ROOT/separate_plots/test_cluster/gpfs/se
rver_reads.pdf Graphic file (type pdf)

<use chapters/chapter2/figures/SC2015/ROOT/separate_plots/test_cluster/gpfs/ser
ver_reads.pdf>
Package pdftex.def Info: chapters/chapter2/figures/SC2015/ROOT/separate_plots/t
est_cluster/gpfs/server_reads.pdf used on input line 107.
(pdftex.def)             Requested size: 109.26108pt x 81.94534pt.

<chapters/chapter2/figures/SC2015/ROOT/separate_plots/test_cluster/Lustre/serve
r_reads.pdf, id=532, 578.16pt x 433.62pt>
File: chapters/chapter2/figures/SC2015/ROOT/separate_plots/test_cluster/Lustre/
server_reads.pdf Graphic file (type pdf)

<use chapters/chapter2/figures/SC2015/ROOT/separate_plots/test_cluster/Lustre/s
erver_reads.pdf>
Package pdftex.def Info: chapters/chapter2/figures/SC2015/ROOT/separate_plots/t
est_cluster/Lustre/server_reads.pdf used on input line 113.
(pdftex.def)             Requested size: 109.26108pt x 81.94534pt.

<chapters/chapter2/figures/SC2015/ROOT/cluster/multiple_instances/reads_simult_
instance_ext4_test_cluster.pdf, id=533, 650.43pt x 433.62pt>
File: chapters/chapter2/figures/SC2015/ROOT/cluster/multiple_instances/reads_si
mult_instance_ext4_test_cluster.pdf Graphic file (type pdf)

<use chapters/chapter2/figures/SC2015/ROOT/cluster/multiple_instances/reads_sim
ult_instance_ext4_test_cluster.pdf>
Package pdftex.def Info: chapters/chapter2/figures/SC2015/ROOT/cluster/multiple
_instances/reads_simult_instance_ext4_test_cluster.pdf used on input line 119.
(pdftex.def)             Requested size: 109.26108pt x 72.84103pt.

<chapters/chapter2/figures/SC2015/ROOT/cluster/multiple_instances/reads_simult_
instance_gpfs_test_cluster.pdf, id=534, 650.43pt x 433.62pt>
File: chapters/chapter2/figures/SC2015/ROOT/cluster/multiple_instances/reads_si
mult_instance_gpfs_test_cluster.pdf Graphic file (type pdf)

<use chapters/chapter2/figures/SC2015/ROOT/cluster/multiple_instances/reads_sim
ult_instance_gpfs_test_cluster.pdf>
Package pdftex.def Info: chapters/chapter2/figures/SC2015/ROOT/cluster/multiple
_instances/reads_simult_instance_gpfs_test_cluster.pdf used on input line 125.
(pdftex.def)             Requested size: 109.26108pt x 72.84103pt.

<chapters/chapter2/figures/SC2015/ROOT/cluster/multiple_instances/reads_multipl
e_simult_procs_Lustre_testcluster.pdf, id=535, 650.43pt x 433.62pt>
File: chapters/chapter2/figures/SC2015/ROOT/cluster/multiple_instances/reads_mu
ltiple_simult_procs_Lustre_testcluster.pdf Graphic file (type pdf)

<use chapters/chapter2/figures/SC2015/ROOT/cluster/multiple_instances/reads_mul
tiple_simult_procs_Lustre_testcluster.pdf>
Package pdftex.def Info: chapters/chapter2/figures/SC2015/ROOT/cluster/multiple
_instances/reads_multiple_simult_procs_Lustre_testcluster.pdf used on input lin
e 131.
(pdftex.def)             Requested size: 109.26108pt x 72.84103pt.
 [26 <./chapters/chapter2/figures/SC2015/ROOT/separate_plots/test_cluster/test_
fadvise_no_border.pdf>] [27 <./chapters/chapter2/figures/SC2015/ROOT/separate_p
lots/test_cluster/ext4/runtime.pdf> <./chapters/chapter2/figures/SC2015/ROOT/se
parate_plots/test_cluster/gpfs/runtime.pdf

pdfTeX warning: pdflatex (file ./chapters/chapter2/figures/SC2015/ROOT/separate
_plots/test_cluster/gpfs/runtime.pdf): PDF inclusion: multiple pdfs with page g
roup included in a single page
> <./chapters/chapter2/figures/SC2015/ROOT/separate_plots/test_cluster/Lustre/r
untime.pdf

pdfTeX warning: pdflatex (file ./chapters/chapter2/figures/SC2015/ROOT/separate
_plots/test_cluster/Lustre/runtime.pdf): PDF inclusion: multiple pdfs with page
 group included in a single page
> <./chapters/chapter2/figures/SC2015/ROOT/cluster/multiple_instances/simult_in
stance_ext4_test_cluster.pdf

pdfTeX warning: pdflatex (file ./chapters/chapter2/figures/SC2015/ROOT/cluster/
multiple_instances/simult_instance_ext4_test_cluster.pdf): PDF inclusion: multi
ple pdfs with page group included in a single page
> <./chapters/chapter2/figures/SC2015/ROOT/cluster/multiple_instances/simult_in
stance_gpfs_test_cluster.pdf

pdfTeX warning: pdflatex (file ./chapters/chapter2/figures/SC2015/ROOT/cluster/
multiple_instances/simult_instance_gpfs_test_cluster.pdf): PDF inclusion: multi
ple pdfs with page group included in a single page
> <./chapters/chapter2/figures/SC2015/ROOT/cluster/multiple_instances/multiple_
simult_procs_Lustre_testcluster.pdf

pdfTeX warning: pdflatex (file ./chapters/chapter2/figures/SC2015/ROOT/cluster/
multiple_instances/multiple_simult_procs_Lustre_testcluster.pdf): PDF inclusion
: multiple pdfs with page group included in a single page
>]) (./chapters/chapter2/related_work.tex [28 <./chapters/chapter2/figures/SC20
15/ROOT/separate_plots/test_cluster/ext4/reads.pdf> <./chapters/chapter2/figure
s/SC2015/ROOT/separate_plots/test_cluster/gpfs/server_reads.pdf

pdfTeX warning: pdflatex (file ./chapters/chapter2/figures/SC2015/ROOT/separate
_plots/test_cluster/gpfs/server_reads.pdf): PDF inclusion: multiple pdfs with p
age group included in a single page
> <./chapters/chapter2/figures/SC2015/ROOT/separate_plots/test_cluster/Lustre/s
erver_reads.pdf

pdfTeX warning: pdflatex (file ./chapters/chapter2/figures/SC2015/ROOT/separate
_plots/test_cluster/Lustre/server_reads.pdf): PDF inclusion: multiple pdfs with
 page group included in a single page
> <./chapters/chapter2/figures/SC2015/ROOT/cluster/multiple_instances/reads_sim
ult_instance_ext4_test_cluster.pdf

pdfTeX warning: pdflatex (file ./chapters/chapter2/figures/SC2015/ROOT/cluster/
multiple_instances/reads_simult_instance_ext4_test_cluster.pdf): PDF inclusion:
 multiple pdfs with page group included in a single page
> <./chapters/chapter2/figures/SC2015/ROOT/cluster/multiple_instances/reads_sim
ult_instance_gpfs_test_cluster.pdf

pdfTeX warning: pdflatex (file ./chapters/chapter2/figures/SC2015/ROOT/cluster/
multiple_instances/reads_simult_instance_gpfs_test_cluster.pdf): PDF inclusion:
 multiple pdfs with page group included in a single page
> <./chapters/chapter2/figures/SC2015/ROOT/cluster/multiple_instances/reads_mul
tiple_simult_procs_Lustre_testcluster.pdf

pdfTeX warning: pdflatex (file ./chapters/chapter2/figures/SC2015/ROOT/cluster/
multiple_instances/reads_multiple_simult_procs_Lustre_testcluster.pdf): PDF inc
lusion: multiple pdfs with page group included in a single page
>]) (./chapters/chapter2/conclusion.tex [29])) (./chapters/chapter3/main.tex
[30]
Chapter 4.
(./chapters/chapter3/motivation.tex
<chapters/chapter3/figures/small-io.png, id=1252, 552.27223pt x 532.99126pt>
File: chapters/chapter3/figures/small-io.png Graphic file (type png)

<use chapters/chapter3/figures/small-io.png>
Package pdftex.def Info: chapters/chapter3/figures/small-io.png used on input l
ine 6.
(pdftex.def)             Requested size: 341.43307pt x 329.52403pt.
 [31

]
<chapters/chapter3/figures/coll-io.png, id=1269, 364.5541pt x 242.0867pt>
File: chapters/chapter3/figures/coll-io.png Graphic file (type png)

<use chapters/chapter3/figures/coll-io.png>
Package pdftex.def Info: chapters/chapter3/figures/coll-io.png used on input li
ne 20.
(pdftex.def)             Requested size: 204.86192pt x 136.04044pt.
 [32 <./chapters/chapter3/figures/small-io.png>]

LaTeX Warning: Reference `sec: results' on page 33 undefined on input line 31.


LaTeX Warning: Reference `sec: conclusion' on page 33 undefined on input line 3
1.

) (./chapters/chapter3/collio.tex [33 <./chapters/chapter3/figures/coll-io.png>
] <chapters/chapter3/figures/ext2ph.png, id=1299, 2013.72734pt x 969.49959pt>
File: chapters/chapter3/figures/ext2ph.png Graphic file (type png)

<use chapters/chapter3/figures/ext2ph.png>
Package pdftex.def Info: chapters/chapter3/figures/ext2ph.png used on input lin
e 10.
(pdftex.def)             Requested size: 341.43307pt x 164.36894pt.
 [34 <./chapters/chapter3/figures/ext2ph.png

pdfTeX warning: pdflatex (file ./chapters/chapter3/figures/ext2ph.png): large i
nterlaced PNG might cause out of memory (use non-interlaced PNG to fix this)
>] [35]) (./chapters/chapter3/concept.tex
<chapters/chapter3/figures/romio-architecture-src.pdf, id=1324, 238.8925pt x 39
9.4925pt>
File: chapters/chapter3/figures/romio-architecture-src.pdf Graphic file (type p
df)
 <use chapters/chapter3/figures/romio-architecture-src.pdf>
Package pdftex.def Info: chapters/chapter3/figures/romio-architecture-src.pdf u
sed on input line 8.
(pdftex.def)             Requested size: 129.74623pt x 216.96626pt.

<chapters/chapter3/figures/new-romio-architecture-src.pdf, id=1325, 345.29pt x 
471.7625pt>
File: chapters/chapter3/figures/new-romio-architecture-src.pdf Graphic file (ty
pe pdf)
 <use chapters/chapter3/figures/new-romio-architecture-src.pdf>
Package pdftex.def Info: chapters/chapter3/figures/new-romio-architecture-src.p
df used on input line 13.
(pdftex.def)             Requested size: 187.78923pt x 256.57637pt.

[36] [37 <./chapters/chapter3/figures/romio-architecture-src.pdf> <./chapters/c
hapter3/figures/new-romio-architecture-src.pdf

pdfTeX warning: pdflatex (file ./chapters/chapter3/figures/new-romio-architectu
re-src.pdf): PDF inclusion: multiple pdfs with page group included in a single 
page
>] [38] [39] [40] [41] [42] [43] [44] [45]
LaTeX Font Info:    Try loading font information for OMS+cmr on input line 376.


(/opt/local/share/texmf-texlive/tex/latex/base/omscmr.fd
File: omscmr.fd 2014/09/29 v2.5h Standard LaTeX font definitions
)
LaTeX Font Info:    Font shape `OMS/cmr/m/n' in size <10> not available
(Font)              Font shape `OMS/cmsy/m/n' tried instead on input line 376.
 [46]
<chapters/chapter3/figures/workflow.png, id=1704, 1006.86368pt x 563.90265pt>
File: chapters/chapter3/figures/workflow.png Graphic file (type png)

<use chapters/chapter3/figures/workflow.png>
Package pdftex.def Info: chapters/chapter3/figures/workflow.png used on input l
ine 397.
(pdftex.def)             Requested size: 307.28767pt x 172.09761pt.
 [47 <./chapters/chapter3/figures/workflow.png>]) (./chapters/chapter3/evaluati
on.tex [48] [49]
<chapters/chapter3/figures/coll_perf_32GB_30sec_bw.pdf, id=1749, 578.16pt x 433
.62pt>
File: chapters/chapter3/figures/coll_perf_32GB_30sec_bw.pdf Graphic file (type 
pdf)
 <use chapters/chapter3/figures/coll_perf_32GB_30sec_bw.pdf>
Package pdftex.def Info: chapters/chapter3/figures/coll_perf_32GB_30sec_bw.pdf 
used on input line 19.
(pdftex.def)             Requested size: 324.36037pt x 243.26884pt.

<chapters/chapter3/figures/coll_perf_32GB_30sec_elapsed_enable.pdf, id=1750, 57
8.16pt x 433.62pt>
File: chapters/chapter3/figures/coll_perf_32GB_30sec_elapsed_enable.pdf Graphic
 file (type pdf)

<use chapters/chapter3/figures/coll_perf_32GB_30sec_elapsed_enable.pdf>
Package pdftex.def Info: chapters/chapter3/figures/coll_perf_32GB_30sec_elapsed
_enable.pdf used on input line 27.
(pdftex.def)             Requested size: 324.36037pt x 243.26884pt.

[50 <./chapters/chapter3/figures/coll_perf_32GB_30sec_bw.pdf>]
<chapters/chapter3/figures/coll_perf_32GB_30sec_elapsed_disable.pdf, id=1793, 5
78.16pt x 433.62pt>
File: chapters/chapter3/figures/coll_perf_32GB_30sec_elapsed_disable.pdf Graphi
c file (type pdf)

<use chapters/chapter3/figures/coll_perf_32GB_30sec_elapsed_disable.pdf>
Package pdftex.def Info: chapters/chapter3/figures/coll_perf_32GB_30sec_elapsed
_disable.pdf used on input line 35.
(pdftex.def)             Requested size: 324.36037pt x 243.26884pt.

[51 <./chapters/chapter3/figures/coll_perf_32GB_30sec_elapsed_enable.pdf>]
<chapters/chapter3/figures/flash_32GB_30sec_bw.pdf, id=1840, 578.16pt x 433.62p
t>
File: chapters/chapter3/figures/flash_32GB_30sec_bw.pdf Graphic file (type pdf)

 <use chapters/chapter3/figures/flash_32GB_30sec_bw.pdf>
Package pdftex.def Info: chapters/chapter3/figures/flash_32GB_30sec_bw.pdf used
 on input line 51.
(pdftex.def)             Requested size: 324.36037pt x 243.26884pt.

<chapters/chapter3/figures/flash_32GB_30sec_elapsed_enable.pdf, id=1842, 578.16
pt x 433.62pt>
File: chapters/chapter3/figures/flash_32GB_30sec_elapsed_enable.pdf Graphic fil
e (type pdf)

<use chapters/chapter3/figures/flash_32GB_30sec_elapsed_enable.pdf>
Package pdftex.def Info: chapters/chapter3/figures/flash_32GB_30sec_elapsed_ena
ble.pdf used on input line 59.
(pdftex.def)             Requested size: 324.36037pt x 243.26884pt.

<chapters/chapter3/figures/ior_32GB_30sec_bw.pdf, id=1845, 578.16pt x 433.62pt>
File: chapters/chapter3/figures/ior_32GB_30sec_bw.pdf Graphic file (type pdf)
<use chapters/chapter3/figures/ior_32GB_30sec_bw.pdf>
Package pdftex.def Info: chapters/chapter3/figures/ior_32GB_30sec_bw.pdf used o
n input line 67.
(pdftex.def)             Requested size: 324.36037pt x 243.26884pt.
 [52 <./chapters/chapter3/figures/coll_perf_32GB_30sec_elapsed_disable.pdf>]
<chapters/chapter3/figures/ior_32GB_30sec_enable.pdf, id=1890, 578.16pt x 433.6
2pt>
File: chapters/chapter3/figures/ior_32GB_30sec_enable.pdf Graphic file (type pd
f)
 <use chapters/chapter3/figures/ior_32GB_30sec_enable.pdf>
Package pdftex.def Info: chapters/chapter3/figures/ior_32GB_30sec_enable.pdf us
ed on input line 83.
(pdftex.def)             Requested size: 324.36037pt x 243.26884pt.
)
(./chapters/chapter3/related.tex [53 <./chapters/chapter3/figures/flash_32GB_30
sec_bw.pdf>] [54 <./chapters/chapter3/figures/flash_32GB_30sec_elapsed_enable.p
df>] [55 <./chapters/chapter3/figures/ior_32GB_30sec_bw.pdf>])) [56 <./chapters
/chapter3/figures/ior_32GB_30sec_enable.pdf>] (.tmp/main.bbl
Underfull \hbox (badness 4279) in paragraph at lines 4--6
[]\T1/cmr/m/n/10 (+20) DDN In-fi-nite Mem-ory En-gine.  [][]$\T1/cmtt/l/n/10 ht
tp : / / www . ddn . com / products /
 []


Underfull \hbox (badness 10000) in paragraph at lines 32--35
\T1/cmtt/l/n/10 clresctr / vxrx / index . jsp ? topic = %2Fcom . ibm . cluster 
. gpfs . v3r5 .
 []


Underfull \hbox (badness 10000) in paragraph at lines 37--40
\T1/cmtt/l/n/10 clresctr / vxrx / index . jsp ? topic = %2Fcom . ibm . cluster 
. gpfs . v3r5 .
 []


Underfull \hbox (badness 10000) in paragraph at lines 50--54
[]\T1/cmr/m/n/10 (+20) Lustre file sys-tem ac-cel-er-a-tion us-ing server or st
orage-
 []


Underfull \hbox (badness 10000) in paragraph at lines 50--54
\T1/cmr/m/n/10 (+20) side caching: ba-sic ap-proaches and ap-pli-ca-tion use ca
ses.
 []


Underfull \hbox (badness 10000) in paragraph at lines 50--54
[][]$\T1/cmtt/l/n/10 http : / / opensfs . org / wp-[]content / uploads / 2014 /
 04 / D2 _ S27 _
 []


Underfull \hbox (badness 10000) in paragraph at lines 50--54
\T1/cmtt/l/n/10 LustreFileSystemAccelerationUsingServerorStorageSideCaching .
 []


Underfull \hbox (badness 4048) in paragraph at lines 60--62
[]\T1/cmr/m/n/10 (+20) MPI Par-al-lel En-vi-ron-ment.  [][]$\T1/cmtt/l/n/10 htt
p : / / www . mcs . anl . gov / research /
 []


Underfull \hbox (badness 10000) in paragraph at lines 68--70
[]\T1/cmr/m/n/10 (+20) Parastation MPI.  [][]$\T1/cmtt/l/n/10 http : / / www . 
par-[]tec . com / products /
 []

[57



] [58] [59] [60]) [61] (.tmp/main.lof
Overfull \hbox (1.69179pt too wide) in paragraph at lines 11--11
 \T1/cmr/m/n/10 (-20) and dif-fer-ent num-ber of in-stances ac-cess-ing a file 
of 5GB ([][]3.6d[][], [][]3.6e[][] 
 []

[62

])
\tf@lof=\write10
\openout10 = `main.lof'.

 [63] (.tmp/main.lot)
\tf@lot=\write11
\openout11 = `main.lot'.

 [64


]
Package atveryend Info: Empty hook `BeforeClearDocument' on input line 195.
Package atveryend Info: Empty hook `AfterLastShipout' on input line 195.
 (.tmp/main.aux)
Package atveryend Info: Executing hook `AtVeryEndDocument' on input line 195.
Package atveryend Info: Executing hook `AtEndAfterFileList' on input line 195.
Package rerunfilecheck Info: File `main.out' has not changed.
(rerunfilecheck)             Checksum: <no file>.


LaTeX Font Warning: Some font shapes were not available, defaults substituted.


LaTeX Warning: There were undefined references.


LaTeX Warning: There were multiply-defined labels.

Package atveryend Info: Empty hook `AtVeryVeryEnd' on input line 195.
 ) 
Here is how much of TeX's memory you used:
 14656 strings out of 494409
 227111 string characters out of 6164689
 522036 words of memory out of 5000000
 16911 multiletter control sequences out of 15000+600000
 37087 words of font info for 158 fonts, out of 8000000 for 9000
 350 hyphenation exceptions out of 8191
 36i,12n,51p,2563b,2004s stack positions out of 5000i,500n,10000p,200000b,80000s
{/opt/local/share/texmf-texlive/fonts/enc/dvips/cm-super/cm-super-t1.enc}</op
t/local/share/texmf-texlive/fonts/type1/public/amsfonts/cm/cmex10.pfb></opt/loc
al/share/texmf-texlive/fonts/type1/public/amsfonts/cm/cmmi10.pfb></opt/local/sh
are/texmf-texlive/fonts/type1/public/amsfonts/cm/cmmi7.pfb></opt/local/share/te
xmf-texlive/fonts/type1/public/amsfonts/cm/cmr10.pfb></opt/local/share/texmf-te
xlive/fonts/type1/public/amsfonts/cm/cmr7.pfb></opt/local/share/texmf-texlive/f
onts/type1/public/amsfonts/cm/cmsy10.pfb></opt/local/share/texmf-texlive/fonts/
type1/public/amsfonts/cm/cmsy7.pfb></opt/local/share/texmf-texlive/fonts/type1/
public/cm-super/sfbi1000.pfb></opt/local/share/texmf-texlive/fonts/type1/public
/cm-super/sfbx0900.pfb></opt/local/share/texmf-texlive/fonts/type1/public/cm-su
per/sfbx1000.pfb></opt/local/share/texmf-texlive/fonts/type1/public/cm-super/sf
bx1200.pfb></opt/local/share/texmf-texlive/fonts/type1/public/cm-super/sfbx1440
.pfb></opt/local/share/texmf-texlive/fonts/type1/public/cm-super/sfbx2074.pfb><
/opt/local/share/texmf-texlive/fonts/type1/public/cm-super/sfbx2488.pfb></opt/l
ocal/share/texmf-texlive/fonts/type1/public/cm-super/sfit1000.pfb></opt/local/s
hare/texmf-texlive/fonts/type1/public/cm-super/sfrm0500.pfb></opt/local/share/t
exmf-texlive/fonts/type1/public/cm-super/sfrm0600.pfb></opt/local/share/texmf-t
exlive/fonts/type1/public/cm-super/sfrm0700.pfb></opt/local/share/texmf-texlive
/fonts/type1/public/cm-super/sfrm0800.pfb></opt/local/share/texmf-texlive/fonts
/type1/public/cm-super/sfrm0900.pfb></opt/local/share/texmf-texlive/fonts/type1
/public/cm-super/sfrm1000.pfb></opt/local/share/texmf-texlive/fonts/type1/publi
c/cm-super/sfrm1200.pfb></opt/local/share/texmf-texlive/fonts/type1/public/cm-s
uper/sfsl1000.pfb></opt/local/share/texmf-texlive/fonts/type1/public/cm-super/s
fti1000.pfb></opt/local/share/texmf-texlive/fonts/type1/public/cm-super/sftt080
0.pfb></opt/local/share/texmf-texlive/fonts/type1/public/cm-super/sftt0900.pfb>
</opt/local/share/texmf-texlive/fonts/type1/public/cm-super/sftt1000.pfb></opt/
local/share/texmf-texlive/fonts/type1/public/cm-super/sfxc2488.pfb>
Output written on .tmp/main.pdf (61 pages, 3591312 bytes).
PDF statistics:
 2431 PDF objects out of 2487 (max. 8388607)
 1461 compressed objects within 15 object streams
 503 named destinations out of 1000 (max. 500000)
 33270 words of extra memory for PDF output out of 35830 (max. 10000000)

